 2
 Total data pts read:      103573
  MINUIT RELEASE 96.03  INITIALIZED.   DIMENSIONS 100/ 50  EPSMAC=  0.89E-15

 PARAMETER DEFINITIONS:
    NO.   NAME         VALUE      STEP SIZE      LIMITS
     1 'N1        '    2000.0      0.10000E-02     no limits
     2 'SIG1      '   0.32000E-02  0.10000E-02     no limits
     3 'GAMMA     '   0.91000E-02  0.10000E-02     no limits
     4 'M1        '    1.5318      0.10000E-02     no limits
     5 'PWR       '   0.55732      0.10000E-02     no limits
     6 'A0        '   0.32449E+06  0.10000E-02     no limits
     7 'A1        '  -0.80838E+06  0.10000E-02     no limits
     8 'A2        '   0.10004E+07  0.10000E-02     no limits
     9 'A3        '  -0.45648E+06  0.10000E-02     no limits
    10 'N2        '    0.0000      constant
    11 'SIG2      '   0.66000E-02  0.10000E-02     no limits
    12 'M2        '    1.8620      0.10000E-02     no limits
 **********
 **    1 **CALL FCN   1.000    
 **********

 FCN=  -1162357.     FROM CALl fcn  STATUS=RESET          1 CALLS        1 TOTAL
                     EDM= unknown      STRATEGY= 1      NO ERROR MATRIX       

  EXT PARAMETER               CURRENT GUESS      PHYSICAL LIMITS       
  NO.   NAME        VALUE          ERROR       NEGATIVE      POSITIVE  
   1    N1          2000.0       0.10000E-02
   2    SIG1       0.32000E-02   0.10000E-02
   3    GAMMA      0.91000E-02   0.10000E-02
   4    M1          1.5318       0.10000E-02
   5    PWR        0.55732       0.10000E-02
   6    A0         0.32449E+06   0.10000E-02
   7    A1        -0.80838E+06   0.10000E-02
   8    A2         0.10004E+07   0.10000E-02
   9    A3        -0.45648E+06   0.10000E-02
  10    N2          0.0000       constant   
  11    SIG2       0.66000E-02   0.10000E-02
  12    M2          1.8620       0.10000E-02
 **********
 **    2 **SET PRINT   1.000    
 **********
 **********
 **    3 **SET STR   1.000    
 **********

 NOW USING STRATEGY  1: TRY TO BALANCE SPEED AGAINST RELIABILITY

 **********
 **    4 **SET PAR    10.00       10.00    
 **********
 **********
 **    5 **MIGRAD
 **********

 FIRST CALL TO USER FUNCTION AT NEW START POINT, WITH IFLAG=4.
 START MIGRAD MINIMIZATION.  STRATEGY 1.  CONVERGENCE WHEN EDM .LT. 0.10E-03

 FCN=  -1162357.     FROM MIGRAD    STATUS=INITIATE      44 CALLS       46 TOTAL
                     EDM= unknown      STRATEGY= 1      NO ERROR MATRIX       

  EXT PARAMETER               CURRENT GUESS       STEP         FIRST   
  NO.   NAME        VALUE          ERROR          SIZE      DERIVATIVE 
   1    N1          2000.0       0.10000E-02   0.10000E-02   0.30172E-01
   2    SIG1       0.32000E-02   0.10000E-02   0.10000E-02   -254.41    
   3    GAMMA      0.91000E-02   0.10000E-02   0.10000E-02   -3100.1    
   4    M1          1.5318       0.10000E-02   0.10000E-02    3142.2    
   5    PWR        0.55732       0.10000E-02   0.10000E-02   -1020.9    
   6    A0         0.32449E+06   0.10000E-02   0.10000E-02   0.14689E-02
   7    A1        -0.80838E+06   0.10000E-02   0.10000E-02   0.14215E-03
   8    A2         0.10004E+07   0.10000E-02   0.10000E-02   0.33199E-04
   9    A3        -0.45648E+06   0.10000E-02   0.10000E-02   0.15223E-04
  10    N2          10.000       constant   
  11    SIG2       0.66000E-02   0.10000E-02   0.10000E-02   -3.8037    
  12    M2          1.8620       0.10000E-02   0.10000E-02   -25.212    
 MIGRAD FAILS TO FIND IMPROVEMENT

 MIGRAD MINIMIZATION HAS CONVERGED.

 MIGRAD WILL VERIFY CONVERGENCE AND ERROR MATRIX.
 COVARIANCE MATRIX CALCULATED SUCCESSFULLY

 FCN=  -1162363.     FROM MIGRAD    STATUS=CONVERGED    640 CALLS      642 TOTAL
                     EDM=  0.50E-04    STRATEGY= 1      ERROR MATRIX ACCURATE 

  EXT PARAMETER                                   STEP         FIRST   
  NO.   NAME        VALUE          ERROR          SIZE      DERIVATIVE 
   1    N1          2016.8        84.738        36.375       0.11352E-03
   2    SIG1       0.31372E-02   0.59542E-03   0.25606E-03   -6.7134    
   3    GAMMA      0.94648E-02   0.48132E-03   0.20554E-03    2.4023    
   4    M1          1.5317       0.29689E-03   0.15616E-03    4.0477    
   5    PWR        0.55205       0.74694E-02   0.16644E-02  -0.73405    
   6    A0         0.30627E+06    3930.6        290.33       0.47199E-05
   7    A1        -0.68980E+06    10132.        539.33       0.25043E-05
   8    A2         0.75100E+06    15881.        864.23       0.16027E-05
   9    A3        -0.28925E+06    17466.        1273.9       0.10464E-05
  10    N2          10.000       constant   
  11    SIG2       0.66008E-02   0.76611E-03   0.40327E-03  -0.48108E-01
  12    M2          1.8621       0.19921E-02   0.10486E-02  -0.48201    

 EXTERNAL ERROR MATRIX.    NDIM=  50    NPAR= 11    ERR DEF=  1.00    
 ELEMENTS ABOVE DIAGONAL ARE NOT PRINTED.
  0.718E+04
  0.119E-01 0.355E-06
  0.111E-01-0.125E-06 0.232E-06
  0.276E-03 0.869E-09 0.182E-08 0.881E-07
  0.226E+00 0.605E-06 0.403E-06-0.649E-07 0.558E-04
  0.433E+05 0.113E+00 0.832E-01-0.318E-01 0.237E+02 0.154E+08
 -0.405E+04-0.181E-02-0.242E-01 0.439E-01-0.367E+02-0.323E+08 0.103E+09
 -0.667E+05-0.178E+00-0.120E+00 0.400E-01-0.170E+02-0.308E+07-0.666E+08
  0.252E+09
 -0.984E+04-0.364E-01 0.101E-02-0.568E-01 0.337E+02 0.273E+08-0.270E+08
 -0.217E+09 0.305E+09
  0.413E-06 0.111E-11 0.720E-12-0.120E-12 0.756E-10 0.143E-04 0.795E-04
 -0.846E-05-0.205E-03 0.587E-06
 -0.205E-04-0.561E-10-0.341E-10-0.114E-11-0.188E-09 0.193E-02-0.570E-02
 -0.567E-02 0.134E-01-0.191E-07 0.397E-05

 PARAMETER  CORRELATION COEFFICIENTS
       NO.  GLOBAL     1     2     3     4     5     6     7     8     9    11
        1  0.57880  1.000 0.236 0.272 0.011 0.357 0.130-0.005-0.050-0.007 0.000
        2  0.57673  0.236 1.000-0.435 0.005 0.136 0.048 0.000-0.019-0.004 0.000
        3  0.58478  0.272-0.435 1.000 0.013 0.112 0.044-0.005-0.016 0.000 0.000
        4  0.04111  0.011 0.005 0.013 1.000-0.029-0.027 0.015 0.008-0.011 0.000
        5  0.90599  0.357 0.136 0.112-0.029 1.000 0.807-0.485-0.144 0.258 0.000
        6  0.99002  0.130 0.048 0.044-0.027 0.807 1.000-0.812-0.049 0.398 0.000
        7  0.99471 -0.005 0.000-0.005 0.015-0.485-0.812 1.000-0.414-0.153 0.000
        8  0.99417 -0.050-0.019-0.016 0.008-0.144-0.049-0.414 1.000-0.783 0.000
        9  0.98830 -0.007-0.004 0.000-0.011 0.258 0.398-0.153-0.783 1.000 0.000
       11  0.01250  0.000 0.000 0.000 0.000 0.000 0.000 0.000 0.000 0.000 1.000
       12  0.01252  0.000 0.000 0.000 0.000 0.000 0.000 0.000 0.000 0.000-0.013
                    1.000
 **********
 **    6 **CALL FCN   3.000    
 **********
 ELEMENTS ABOVE DIAGONAL ARE NOT PRINTED.
 **********
 **    7 **SET PAR    10.00       11.00    
 **********
 **********
 **    8 **MIGRAD
 **********

 FIRST CALL TO USER FUNCTION AT NEW START POINT, WITH IFLAG=4.
 START MIGRAD MINIMIZATION.  STRATEGY 1.  CONVERGENCE WHEN EDM .LT. 0.10E-03

 FCN=  -1162363.     FROM MIGRAD    STATUS=INITIATE      22 CALLS      666 TOTAL
                     EDM=  0.28E-03  STRATEGY=1  ERROR MATRIX UNCERTAINTY=100.0%

  EXT PARAMETER                APPROXIMATE        STEP         FIRST   
  NO.   NAME        VALUE          ERROR          SIZE      DERIVATIVE 
   1    N1          2016.8        84.738        36.375       0.10582E-03
   2    SIG1       0.31372E-02   0.59542E-03   0.25606E-03   -5.7971    
   3    GAMMA      0.94648E-02   0.48132E-03   0.20554E-03    1.0548    
   4    M1          1.5317       0.29689E-03   0.15616E-03    4.6777    
   5    PWR        0.55205       0.74694E-02   0.16644E-02   -2.6295    
   6    A0         0.30627E+06    3930.6        290.33       0.19939E-04
   7    A1        -0.68980E+06    10132.        539.33       0.85473E-05
   8    A2         0.75100E+06    15881.        864.23       0.39822E-05
   9    A3        -0.28925E+06    17466.        1273.9       0.19730E-05
  10    N2          11.000       constant   
  11    SIG2       0.66008E-02   0.76611E-03   0.40327E-03   0.88494    
  12    M2          1.8621       0.19921E-02   0.10486E-02   -2.9426    
 MIGRAD FAILS TO FIND IMPROVEMENT

 MIGRAD MINIMIZATION HAS CONVERGED.

 MIGRAD WILL VERIFY CONVERGENCE AND ERROR MATRIX.
 COVARIANCE MATRIX CALCULATED SUCCESSFULLY

 FCN=  -1162363.     FROM MIGRAD    STATUS=CONVERGED    279 CALLS      923 TOTAL
                     EDM=  0.61E-05    STRATEGY= 1      ERROR MATRIX ACCURATE 

  EXT PARAMETER                                   STEP         FIRST   
  NO.   NAME        VALUE          ERROR          SIZE      DERIVATIVE 
   1    N1          2016.5        84.730        36.372       0.15039E-04
   2    SIG1       0.31375E-02   0.59528E-03   0.25604E-03   -3.5768    
   3    GAMMA      0.94640E-02   0.48130E-03   0.20555E-03    2.9954    
   4    M1          1.5317       0.29690E-03   0.15616E-03   0.34626    
   5    PWR        0.55204       0.74692E-02   0.16644E-02   0.11913    
   6    A0         0.30626E+06    3930.4        290.32       0.37292E-06
   7    A1        -0.68981E+06    10132.        539.33       0.28485E-06
   8    A2         0.75101E+06    15881.        864.21       0.14836E-06
   9    A3        -0.28923E+06    17465.        1273.9       0.94168E-07
  10    N2          11.000       constant   
  11    SIG2       0.66006E-02   0.76610E-03   0.40326E-03   0.26090E-01
  12    M2          1.8621       0.19913E-02   0.10482E-02  -0.15449    

 EXTERNAL ERROR MATRIX.    NDIM=  50    NPAR= 11    ERR DEF=  1.00    
 ELEMENTS ABOVE DIAGONAL ARE NOT PRINTED.
  0.718E+04
  0.119E-01 0.354E-06
  0.111E-01-0.125E-06 0.232E-06
  0.276E-03 0.871E-09 0.182E-08 0.882E-07
  0.226E+00 0.605E-06 0.403E-06-0.649E-07 0.558E-04
  0.433E+05 0.112E+00 0.832E-01-0.318E-01 0.237E+02 0.154E+08
 -0.405E+04-0.180E-02-0.242E-01 0.439E-01-0.367E+02-0.323E+08 0.103E+09
 -0.667E+05-0.178E+00-0.120E+00 0.400E-01-0.170E+02-0.308E+07-0.666E+08
  0.252E+09
 -0.984E+04-0.364E-01 0.101E-02-0.568E-01 0.337E+02 0.273E+08-0.270E+08
 -0.217E+09 0.305E+09
  0.453E-06 0.122E-11 0.787E-12-0.119E-12 0.765E-10 0.111E-04 0.888E-04
 -0.325E-05-0.222E-03 0.587E-06
 -0.225E-04-0.616E-10-0.375E-10-0.125E-11-0.204E-09 0.212E-02-0.626E-02
 -0.623E-02 0.147E-01-0.209E-07 0.397E-05

 PARAMETER  CORRELATION COEFFICIENTS
       NO.  GLOBAL     1     2     3     4     5     6     7     8     9    11
        1  0.57878  1.000 0.236 0.272 0.011 0.357 0.130-0.005-0.050-0.007 0.000
        2  0.57663  0.236 1.000-0.435 0.005 0.136 0.048 0.000-0.019-0.004 0.000
        3  0.58470  0.272-0.435 1.000 0.013 0.112 0.044-0.005-0.016 0.000 0.000
        4  0.04110  0.011 0.005 0.013 1.000-0.029-0.027 0.015 0.008-0.011 0.000
        5  0.90599  0.357 0.136 0.112-0.029 1.000 0.807-0.485-0.144 0.258 0.000
        6  0.99002  0.130 0.048 0.044-0.027 0.807 1.000-0.812-0.049 0.398 0.000
        7  0.99471 -0.005 0.000-0.005 0.015-0.485-0.812 1.000-0.414-0.153 0.000
        8  0.99417 -0.050-0.019-0.016 0.008-0.144-0.049-0.414 1.000-0.783 0.000
        9  0.98830 -0.007-0.004 0.000-0.011 0.258 0.398-0.153-0.783 1.000 0.000
       11  0.01373  0.000 0.000 0.000 0.000 0.000 0.000 0.000 0.000 0.000 1.000
       12  0.01375  0.000 0.000 0.000 0.000 0.000 0.000 0.000 0.000 0.000-0.014
                    1.000
 **********
 **    9 **CALL FCN   3.000    
 **********
 ELEMENTS ABOVE DIAGONAL ARE NOT PRINTED.
 **********
 **   10 **SET PAR    10.00       12.00    
 **********
 **********
 **   11 **MIGRAD
 **********

 FIRST CALL TO USER FUNCTION AT NEW START POINT, WITH IFLAG=4.
 START MIGRAD MINIMIZATION.  STRATEGY 1.  CONVERGENCE WHEN EDM .LT. 0.10E-03

 FCN=  -1162363.     FROM MIGRAD    STATUS=INITIATE      22 CALLS      947 TOTAL
                     EDM=  0.19E-03  STRATEGY=1  ERROR MATRIX UNCERTAINTY=100.0%

  EXT PARAMETER                APPROXIMATE        STEP         FIRST   
  NO.   NAME        VALUE          ERROR          SIZE      DERIVATIVE 
   1    N1          2016.5        84.730        36.372       0.73341E-05
   2    SIG1       0.31375E-02   0.59528E-03   0.25604E-03   -1.5801    
   3    GAMMA      0.94640E-02   0.48130E-03   0.20555E-03    1.6504    
   4    M1          1.5317       0.29690E-03   0.15616E-03   0.27987    
   5    PWR        0.55204       0.74692E-02   0.16644E-02   -1.7744    
   6    A0         0.30626E+06    3930.4        290.32       0.15577E-04
   7    A1        -0.68981E+06    10132.        539.33       0.63222E-05
   8    A2         0.75101E+06    15881.        864.21       0.25256E-05
   9    A3        -0.28923E+06    17465.        1273.9       0.10198E-05
  10    N2          12.000       constant   
  11    SIG2       0.66006E-02   0.76610E-03   0.40326E-03   0.80393    
  12    M2          1.8621       0.19913E-02   0.10482E-02   -2.6007    
 MIGRAD FAILS TO FIND IMPROVEMENT

 MIGRAD MINIMIZATION HAS CONVERGED.

 MIGRAD WILL VERIFY CONVERGENCE AND ERROR MATRIX.
 COVARIANCE MATRIX CALCULATED SUCCESSFULLY

 FCN=  -1162363.     FROM MIGRAD    STATUS=CONVERGED    202 CALLS     1127 TOTAL
                     EDM=  0.39E-05    STRATEGY= 1      ERROR MATRIX ACCURATE 

  EXT PARAMETER                                   STEP         FIRST   
  NO.   NAME        VALUE          ERROR          SIZE      DERIVATIVE 
   1    N1          2016.4        84.729        36.371       0.12288E-04
   2    SIG1       0.31376E-02   0.59528E-03   0.25602E-03   -1.9655    
   3    GAMMA      0.94638E-02   0.48130E-03   0.20555E-03    2.0740    
   4    M1          1.5317       0.29690E-03   0.15617E-03   0.75813E-01
   5    PWR        0.55202       0.74691E-02   0.16644E-02   0.35349    
   6    A0         0.30625E+06    3930.3        290.32      -0.19048E-05
   7    A1        -0.68982E+06    10131.        539.32      -0.63525E-06
   8    A2         0.75102E+06    15881.        864.21      -0.26898E-06
   9    A3        -0.28920E+06    17465.        1273.9      -0.77497E-07
  10    N2          12.000       constant   
  11    SIG2       0.66003E-02   0.76609E-03   0.40325E-03  -0.88968E-01
  12    M2          1.8621       0.19905E-02   0.10477E-02   0.24344    

 EXTERNAL ERROR MATRIX.    NDIM=  50    NPAR= 11    ERR DEF=  1.00    
 ELEMENTS ABOVE DIAGONAL ARE NOT PRINTED.
  0.718E+04
  0.119E-01 0.354E-06
  0.111E-01-0.125E-06 0.232E-06
  0.275E-03 0.851E-09 0.183E-08 0.881E-07
  0.226E+00 0.605E-06 0.403E-06-0.649E-07 0.558E-04
  0.433E+05 0.112E+00 0.832E-01-0.318E-01 0.237E+02 0.154E+08
 -0.404E+04-0.181E-02-0.242E-01 0.439E-01-0.367E+02-0.323E+08 0.103E+09
 -0.667E+05-0.178E+00-0.120E+00 0.400E-01-0.170E+02-0.308E+07-0.666E+08
  0.252E+09
 -0.984E+04-0.364E-01 0.100E-02-0.568E-01 0.337E+02 0.273E+08-0.270E+08
 -0.217E+09 0.305E+09
  0.496E-06 0.134E-11 0.859E-12-0.116E-12 0.779E-10 0.814E-05 0.954E-04
  0.486E-05-0.238E-03 0.587E-06
 -0.245E-04-0.671E-10-0.409E-10-0.137E-11-0.221E-09 0.232E-02-0.682E-02
 -0.678E-02 0.160E-01-0.228E-07 0.396E-05

 PARAMETER  CORRELATION COEFFICIENTS
       NO.  GLOBAL     1     2     3     4     5     6     7     8     9    11
        1  0.57878  1.000 0.236 0.272 0.011 0.357 0.130-0.005-0.050-0.007 0.000
        2  0.57664  0.236 1.000-0.435 0.005 0.136 0.048 0.000-0.019-0.003 0.000
        3  0.58470  0.272-0.435 1.000 0.013 0.112 0.044-0.005-0.016 0.000 0.000
        4  0.04109  0.011 0.005 0.013 1.000-0.029-0.027 0.015 0.008-0.011 0.000
        5  0.90598  0.357 0.136 0.112-0.029 1.000 0.807-0.485-0.144 0.258 0.000
        6  0.99002  0.130 0.048 0.044-0.027 0.807 1.000-0.812-0.049 0.398 0.000
        7  0.99471 -0.005 0.000-0.005 0.015-0.485-0.812 1.000-0.414-0.153 0.000
        8  0.99417 -0.050-0.019-0.016 0.008-0.144-0.049-0.414 1.000-0.783 0.000
        9  0.98830 -0.007-0.003 0.000-0.011 0.258 0.398-0.153-0.783 1.000 0.000
       11  0.01496  0.000 0.000 0.000 0.000 0.000 0.000 0.000 0.000 0.000 1.000
       12  0.01498  0.000 0.000 0.000 0.000 0.000 0.000 0.000 0.000 0.000-0.015
                    1.000
 **********
 **   12 **CALL FCN   3.000    
 **********
 ELEMENTS ABOVE DIAGONAL ARE NOT PRINTED.
 **********
 **   13 **SET PAR    10.00       13.00    
 **********
 **********
 **   14 **MIGRAD
 **********

 FIRST CALL TO USER FUNCTION AT NEW START POINT, WITH IFLAG=4.
 START MIGRAD MINIMIZATION.  STRATEGY 1.  CONVERGENCE WHEN EDM .LT. 0.10E-03

 FCN=  -1162363.     FROM MIGRAD    STATUS=INITIATE      22 CALLS     1151 TOTAL
                     EDM=  0.14E-03  STRATEGY=1  ERROR MATRIX UNCERTAINTY=100.0%

  EXT PARAMETER                APPROXIMATE        STEP         FIRST   
  NO.   NAME        VALUE          ERROR          SIZE      DERIVATIVE 
   1    N1          2016.4        84.729        36.371       0.45789E-05
   2    SIG1       0.31376E-02   0.59528E-03   0.25602E-03   -1.1066    
   3    GAMMA      0.94638E-02   0.48130E-03   0.20555E-03   0.74531    
   4    M1          1.5317       0.29690E-03   0.15617E-03   0.14747    
   5    PWR        0.55202       0.74691E-02   0.16644E-02   -1.5382    
   6    A0         0.30625E+06    3930.3        290.32       0.13284E-04
   7    A1        -0.68982E+06    10131.        539.32       0.53964E-05
   8    A2         0.75102E+06    15881.        864.21       0.21060E-05
   9    A3        -0.28920E+06    17465.        1273.9       0.84716E-06
  10    N2          13.000       constant   
  11    SIG2       0.66003E-02   0.76609E-03   0.40325E-03   0.53434    
  12    M2          1.8621       0.19905E-02   0.10477E-02   -2.1883    
 MIGRAD FAILS TO FIND IMPROVEMENT
 MACHINE ACCURACY LIMITS FURTHER IMPROVEMENT.

 MIGRAD MINIMIZATION HAS CONVERGED.

 MIGRAD WILL VERIFY CONVERGENCE AND ERROR MATRIX.
 COVARIANCE MATRIX CALCULATED SUCCESSFULLY

 FCN=  -1162363.     FROM MIGRAD    STATUS=CONVERGED    139 CALLS     1268 TOTAL
                     EDM=  0.78E-04    STRATEGY= 1      ERROR MATRIX ACCURATE 

  EXT PARAMETER                                   STEP         FIRST   
  NO.   NAME        VALUE          ERROR          SIZE      DERIVATIVE 
   1    N1          2016.4        84.893        14.548       0.12354E-04
   2    SIG1       0.31376E-02   0.60291E-03   0.10241E-03   -2.8440    
   3    GAMMA      0.94638E-02   0.48901E-03   0.82220E-04    2.3645    
   4    M1          1.5317       0.29684E-03   0.62466E-04  -0.87786    
   5    PWR        0.55202       0.87880E-02   0.66578E-03   -1.5029    
   6    A0         0.30625E+06    5325.4        116.13       0.13530E-04
   7    A1        -0.68982E+06    15025.        215.73       0.55614E-05
   8    A2         0.75102E+06    24444.        345.68       0.22234E-05
   9    A3        -0.28920E+06    24602.        509.54       0.92407E-06
  10    N2          13.000       constant   
  11    SIG2       0.66003E-02   0.76610E-03   0.16130E-03   0.54450    
  12    M2          1.8621       0.19898E-02   0.41910E-03   -2.2924    

 EXTERNAL ERROR MATRIX.    NDIM=  50    NPAR= 11    ERR DEF=  1.00    
 ELEMENTS ABOVE DIAGONAL ARE NOT PRINTED.
  0.721E+04
  0.116E-01 0.364E-06
  0.112E-01-0.135E-06 0.239E-06
  0.198E-03-0.160E-08 0.210E-08 0.881E-07
  0.246E+00 0.640E-06 0.445E-06-0.956E-07 0.772E-04
  0.551E+05 0.138E+00 0.110E+00-0.531E-01 0.400E+02 0.284E+08
 -0.169E+05-0.253E-01-0.643E-01 0.893E-01-0.772E+02-0.677E+08 0.226E+09
 -0.118E+06-0.312E+00-0.206E+00 0.640E-01-0.169E+02 0.815E+07-0.190E+09
  0.597E+09
  0.576E+05 0.135E+00 0.132E+00-0.127E+00 0.723E+02 0.487E+08-0.539E+07
 -0.495E+09 0.605E+09
  0.525E-06 0.140E-11 0.886E-12-0.483E-13 0.303E-10-0.345E-04 0.191E-03
  0.581E-04-0.394E-03 0.587E-06
 -0.229E-04-0.626E-10-0.363E-10-0.695E-11 0.376E-08 0.545E-02-0.130E-01
 -0.145E-01 0.314E-01-0.270E-07 0.396E-05

 PARAMETER  CORRELATION COEFFICIENTS
       NO.  GLOBAL     1     2     3     4     5     6     7     8     9    11
        1  0.58097  1.000 0.227 0.271 0.008 0.329 0.122-0.013-0.057 0.028 0.000
        2  0.59247  0.227 1.000-0.459-0.009 0.121 0.043-0.003-0.021 0.009 0.000
        3  0.60203  0.271-0.459 1.000 0.014 0.104 0.042-0.009-0.017 0.011 0.000
        4  0.04525  0.008-0.009 0.014 1.000-0.037-0.034 0.020 0.009-0.017 0.000
        5  0.93304  0.329 0.121 0.104-0.037 1.000 0.855-0.584-0.079 0.334 0.000
        6  0.99457  0.122 0.043 0.042-0.034 0.855 1.000-0.846 0.063 0.372 0.000
        7  0.99760 -0.013-0.003-0.009 0.020-0.584-0.846 1.000-0.517-0.015 0.000
        8  0.99754 -0.057-0.021-0.017 0.009-0.079 0.063-0.517 1.000-0.823 0.000
        9  0.99412  0.028 0.009 0.011-0.017 0.334 0.372-0.015-0.823 1.000 0.000
       11  0.01773  0.000 0.000 0.000 0.000 0.000 0.000 0.000 0.000 0.000 1.000
       12  0.01776  0.000 0.000 0.000 0.000 0.000 0.001 0.000 0.000 0.001-0.018
                    1.000
 **********
 **   15 **CALL FCN   3.000    
 **********
 ELEMENTS ABOVE DIAGONAL ARE NOT PRINTED.
 **********
 **   16 **SET PAR    10.00       14.00    
 **********
 **********
 **   17 **MIGRAD
 **********

 FIRST CALL TO USER FUNCTION AT NEW START POINT, WITH IFLAG=4.
 START MIGRAD MINIMIZATION.  STRATEGY 1.  CONVERGENCE WHEN EDM .LT. 0.10E-03

 FCN=  -1162363.     FROM MIGRAD    STATUS=INITIATE      22 CALLS     1292 TOTAL
                     EDM=  0.57E-03  STRATEGY=1  ERROR MATRIX UNCERTAINTY=100.0%

  EXT PARAMETER                APPROXIMATE        STEP         FIRST   
  NO.   NAME        VALUE          ERROR          SIZE      DERIVATIVE 
   1    N1          2016.4        84.893        14.548       0.11119E-04
   2    SIG1       0.31376E-02   0.60291E-03   0.10241E-03    3.6232    
   3    GAMMA      0.94638E-02   0.48901E-03   0.82220E-04    1.8703    
   4    M1          1.5317       0.29684E-03   0.62466E-04  -0.31388E-01
   5    PWR        0.55202       0.87880E-02   0.66578E-03   -3.5017    
   6    A0         0.30625E+06    5325.4        116.13       0.27943E-04
   7    A1        -0.68982E+06    15025.        215.73       0.11076E-04
   8    A2         0.75102E+06    24444.        345.68       0.46933E-05
   9    A3        -0.28920E+06    24602.        509.54       0.19117E-05
  10    N2          14.000       constant   
  11    SIG2       0.66003E-02   0.76610E-03   0.16130E-03   0.96602    
  12    M2          1.8621       0.19898E-02   0.41910E-03   -4.3654    
 MIGRAD FAILS TO FIND IMPROVEMENT

 MIGRAD MINIMIZATION HAS CONVERGED.

 MIGRAD WILL VERIFY CONVERGENCE AND ERROR MATRIX.
 COVARIANCE MATRIX CALCULATED SUCCESSFULLY

 FCN=  -1162363.     FROM MIGRAD    STATUS=CONVERGED    198 CALLS     1468 TOTAL
                     EDM=  0.12E-04    STRATEGY= 1      ERROR MATRIX ACCURATE 

  EXT PARAMETER                                   STEP         FIRST   
  NO.   NAME        VALUE          ERROR          SIZE      DERIVATIVE 
   1    N1          2016.3        84.727        36.370       0.28134E-05
   2    SIG1       0.31369E-02   0.59535E-03   0.25604E-03   -6.4273    
   3    GAMMA      0.94637E-02   0.48131E-03   0.20554E-03   0.34682    
   4    M1          1.5317       0.29689E-03   0.15616E-03  -0.32269    
   5    PWR        0.55199       0.74691E-02   0.16645E-02   0.17201    
   6    A0         0.30623E+06    3930.1        290.31       0.10661E-05
   7    A1        -0.68981E+06    10131.        539.31       0.57907E-06
   8    A2         0.75100E+06    15881.        864.20       0.53658E-07
   9    A3        -0.28914E+06    17465.        1273.9      -0.31593E-07
  10    N2          14.000       constant   
  11    SIG2       0.65999E-02   0.76606E-03   0.40321E-03   0.70945E-01
  12    M2          1.8621       0.19889E-02   0.10469E-02  -0.45097    

 EXTERNAL ERROR MATRIX.    NDIM=  50    NPAR= 11    ERR DEF=  1.00    
 ELEMENTS ABOVE DIAGONAL ARE NOT PRINTED.
  0.718E+04
  0.119E-01 0.354E-06
  0.111E-01-0.125E-06 0.232E-06
  0.275E-03 0.854E-09 0.183E-08 0.881E-07
  0.226E+00 0.605E-06 0.403E-06-0.649E-07 0.558E-04
  0.432E+05 0.112E+00 0.832E-01-0.318E-01 0.237E+02 0.154E+08
 -0.404E+04-0.179E-02-0.242E-01 0.439E-01-0.367E+02-0.323E+08 0.103E+09
 -0.667E+05-0.178E+00-0.120E+00 0.400E-01-0.170E+02-0.307E+07-0.666E+08
  0.252E+09
 -0.984E+04-0.364E-01 0.100E-02-0.568E-01 0.337E+02 0.273E+08-0.270E+08
 -0.217E+09 0.305E+09
  0.579E-06 0.157E-11 0.998E-12-0.102E-12 0.761E-10-0.942E-06 0.111E-03
  0.223E-04-0.267E-03 0.587E-06
 -0.285E-04-0.780E-10-0.475E-10-0.160E-11-0.251E-09 0.270E-02-0.794E-02
 -0.790E-02 0.186E-01-0.265E-07 0.396E-05

 PARAMETER  CORRELATION COEFFICIENTS
       NO.  GLOBAL     1     2     3     4     5     6     7     8     9    11
        1  0.57877  1.000 0.236 0.272 0.011 0.357 0.130-0.005-0.050-0.007 0.000
        2  0.57670  0.236 1.000-0.435 0.005 0.136 0.048 0.000-0.019-0.003 0.000
        3  0.58476  0.272-0.435 1.000 0.013 0.112 0.044-0.005-0.016 0.000 0.000
        4  0.04109  0.011 0.005 0.013 1.000-0.029-0.027 0.015 0.008-0.011 0.000
        5  0.90598  0.357 0.136 0.112-0.029 1.000 0.807-0.485-0.144 0.258 0.000
        6  0.99002  0.130 0.048 0.044-0.027 0.807 1.000-0.812-0.049 0.398 0.000
        7  0.99471 -0.005 0.000-0.005 0.015-0.485-0.812 1.000-0.414-0.153 0.000
        8  0.99417 -0.050-0.019-0.016 0.008-0.144-0.049-0.414 1.000-0.783 0.000
        9  0.98830 -0.007-0.003 0.000-0.011 0.258 0.398-0.153-0.783 1.000 0.000
       11  0.01740  0.000 0.000 0.000 0.000 0.000 0.000 0.000 0.000 0.000 1.000
       12  0.01742  0.000 0.000 0.000 0.000 0.000 0.000 0.000 0.000 0.001-0.017
                    1.000
 **********
 **   18 **CALL FCN   3.000    
 **********
 ELEMENTS ABOVE DIAGONAL ARE NOT PRINTED.
 **********
 **   19 **SET PAR    10.00       15.00    
 **********
 **********
 **   20 **MIGRAD
 **********

 FIRST CALL TO USER FUNCTION AT NEW START POINT, WITH IFLAG=4.
 START MIGRAD MINIMIZATION.  STRATEGY 1.  CONVERGENCE WHEN EDM .LT. 0.10E-03

 FCN=  -1162363.     FROM MIGRAD    STATUS=INITIATE      22 CALLS     1492 TOTAL
                     EDM=  0.25E-03  STRATEGY=1  ERROR MATRIX UNCERTAINTY=100.0%

  EXT PARAMETER                APPROXIMATE        STEP         FIRST   
  NO.   NAME        VALUE          ERROR          SIZE      DERIVATIVE 
   1    N1          2016.3        84.727        36.370      -0.48954E-05
   2    SIG1       0.31369E-02   0.59535E-03   0.25604E-03   -4.8088    
   3    GAMMA      0.94637E-02   0.48131E-03   0.20554E-03  -0.94189    
   4    M1          1.5317       0.29689E-03   0.15616E-03   0.61690E-01
   5    PWR        0.55199       0.74691E-02   0.16645E-02   -1.7160    
   6    A0         0.30623E+06    3930.1        290.31       0.16226E-04
   7    A1        -0.68981E+06    10131.        539.31       0.65984E-05
   8    A2         0.75100E+06    15881.        864.20       0.24239E-05
   9    A3        -0.28914E+06    17465.        1273.9       0.89127E-06
  10    N2          15.000       constant   
  11    SIG2       0.65999E-02   0.76606E-03   0.40321E-03   0.38026    
  12    M2          1.8621       0.19889E-02   0.10469E-02   -2.8544    
 MIGRAD FAILS TO FIND IMPROVEMENT

 MIGRAD MINIMIZATION HAS CONVERGED.

 MIGRAD WILL VERIFY CONVERGENCE AND ERROR MATRIX.
 COVARIANCE MATRIX CALCULATED SUCCESSFULLY

 FCN=  -1162363.     FROM MIGRAD    STATUS=CONVERGED    204 CALLS     1674 TOTAL
                     EDM=  0.93E-05    STRATEGY= 1      ERROR MATRIX ACCURATE 

  EXT PARAMETER                                   STEP         FIRST   
  NO.   NAME        VALUE          ERROR          SIZE      DERIVATIVE 
   1    N1          2016.3        84.727        36.371       0.10012E-04
   2    SIG1       0.31377E-02   0.59523E-03   0.25602E-03   0.63545    
   3    GAMMA      0.94634E-02   0.48130E-03   0.20555E-03    2.1652    
   4    M1          1.5317       0.29689E-03   0.15617E-03    1.4386    
   5    PWR        0.55197       0.74689E-02   0.16645E-02   0.53038    
   6    A0         0.30623E+06    3929.9        290.31      -0.41209E-05
   7    A1        -0.68983E+06    10131.        539.31      -0.14631E-05
   8    A2         0.75103E+06    15881.        864.19      -0.68741E-06
   9    A3        -0.28911E+06    17465.        1273.9      -0.22889E-06
  10    N2          15.000       constant   
  11    SIG2       0.65997E-02   0.76604E-03   0.40320E-03  -0.53791E-01
  12    M2          1.8621       0.19881E-02   0.10464E-02   0.66638    

 EXTERNAL ERROR MATRIX.    NDIM=  50    NPAR= 11    ERR DEF=  1.00    
 ELEMENTS ABOVE DIAGONAL ARE NOT PRINTED.
  0.718E+04
  0.119E-01 0.354E-06
  0.111E-01-0.125E-06 0.232E-06
  0.276E-03 0.866E-09 0.182E-08 0.881E-07
  0.226E+00 0.605E-06 0.403E-06-0.649E-07 0.558E-04
  0.432E+05 0.112E+00 0.832E-01-0.318E-01 0.237E+02 0.154E+08
 -0.403E+04-0.178E-02-0.241E-01 0.439E-01-0.367E+02-0.323E+08 0.103E+09
 -0.666E+05-0.178E+00-0.120E+00 0.400E-01-0.170E+02-0.307E+07-0.666E+08
  0.252E+09
 -0.984E+04-0.364E-01 0.997E-03-0.568E-01 0.337E+02 0.273E+08-0.270E+08
 -0.217E+09 0.305E+09
  0.619E-06 0.168E-11 0.106E-11-0.910E-13 0.734E-10-0.658E-05 0.119E-03
  0.349E-04-0.283E-03 0.587E-06
 -0.305E-04-0.835E-10-0.508E-10-0.172E-11-0.267E-09 0.289E-02-0.849E-02
 -0.846E-02 0.199E-01-0.283E-07 0.395E-05

 PARAMETER  CORRELATION COEFFICIENTS
       NO.  GLOBAL     1     2     3     4     5     6     7     8     9    11
        1  0.57876  1.000 0.236 0.272 0.011 0.357 0.130-0.005-0.050-0.007 0.000
        2  0.57660  0.236 1.000-0.435 0.005 0.136 0.048 0.000-0.019-0.003 0.000
        3  0.58466  0.272-0.435 1.000 0.013 0.112 0.044-0.005-0.016 0.000 0.000
        4  0.04110  0.011 0.005 0.013 1.000-0.029-0.027 0.015 0.008-0.011 0.000
        5  0.90598  0.357 0.136 0.112-0.029 1.000 0.807-0.485-0.143 0.258 0.000
        6  0.99001  0.130 0.048 0.044-0.027 0.807 1.000-0.812-0.049 0.398 0.000
        7  0.99471 -0.005 0.000-0.005 0.015-0.485-0.812 1.000-0.414-0.153 0.000
        8  0.99417 -0.050-0.019-0.016 0.008-0.143-0.049-0.414 1.000-0.783 0.000
        9  0.98830 -0.007-0.003 0.000-0.011 0.258 0.398-0.153-0.783 1.000 0.000
       11  0.01861  0.000 0.000 0.000 0.000 0.000 0.000 0.000 0.000 0.000 1.000
       12  0.01863  0.000 0.000 0.000 0.000 0.000 0.000 0.000 0.000 0.001-0.019
                    1.000
 **********
 **   21 **CALL FCN   3.000    
 **********
 ELEMENTS ABOVE DIAGONAL ARE NOT PRINTED.
 **********
 **   22 **SET PAR    10.00       16.00    
 **********
 **********
 **   23 **MIGRAD
 **********

 FIRST CALL TO USER FUNCTION AT NEW START POINT, WITH IFLAG=4.
 START MIGRAD MINIMIZATION.  STRATEGY 1.  CONVERGENCE WHEN EDM .LT. 0.10E-03

 FCN=  -1162363.     FROM MIGRAD    STATUS=INITIATE      22 CALLS     1698 TOTAL
                     EDM=  0.10E-03  STRATEGY=1  ERROR MATRIX UNCERTAINTY=100.0%

  EXT PARAMETER                APPROXIMATE        STEP         FIRST   
  NO.   NAME        VALUE          ERROR          SIZE      DERIVATIVE 
   1    N1          2016.3        84.727        36.371       0.23051E-05
   2    SIG1       0.31377E-02   0.59523E-03   0.25602E-03    1.2813    
   3    GAMMA      0.94634E-02   0.48130E-03   0.20555E-03   0.72693    
   4    M1          1.5317       0.29689E-03   0.15617E-03   0.15957    
   5    PWR        0.55197       0.74689E-02   0.16645E-02   -1.3555    
   6    A0         0.30623E+06    3929.9        290.31       0.11023E-04
   7    A1        -0.68983E+06    10131.        539.31       0.45509E-05
   8    A2         0.75103E+06    15881.        864.19       0.16805E-05
   9    A3        -0.28911E+06    17465.        1273.9       0.69322E-06
  10    N2          16.000       constant   
  11    SIG2       0.65997E-02   0.76604E-03   0.40320E-03   0.10410    
  12    M2          1.8621       0.19881E-02   0.10464E-02   -1.7220    
 MIGRAD FAILS TO FIND IMPROVEMENT

 MIGRAD MINIMIZATION HAS CONVERGED.

 MIGRAD WILL VERIFY CONVERGENCE AND ERROR MATRIX.
 COVARIANCE MATRIX CALCULATED SUCCESSFULLY

 FCN=  -1162363.     FROM MIGRAD    STATUS=CONVERGED    180 CALLS     1856 TOTAL
                     EDM=  0.62E-05    STRATEGY= 1      ERROR MATRIX ACCURATE 

  EXT PARAMETER                                   STEP         FIRST   
  NO.   NAME        VALUE          ERROR          SIZE      DERIVATIVE 
   1    N1          2016.3        84.726        36.372       0.80074E-05
   2    SIG1       0.31375E-02   0.59529E-03   0.25572E-03   -2.0357    
   3    GAMMA      0.94634E-02   0.48131E-03   0.20556E-03    1.4051    
   4    M1          1.5317       0.29691E-03   0.15617E-03    1.8524    
   5    PWR        0.55197       0.74689E-02   0.16645E-02  -0.12550    
   6    A0         0.30622E+06    3929.9        290.31       0.16248E-05
   7    A1        -0.68984E+06    10131.        539.31       0.86802E-06
   8    A2         0.75105E+06    15881.        864.20       0.22802E-06
   9    A3        -0.28910E+06    17465.        1273.9       0.14101E-06
  10    N2          16.000       constant   
  11    SIG2       0.65997E-02   0.76601E-03   0.40317E-03   0.44554E-01
  12    M2          1.8621       0.19873E-02   0.10460E-02  -0.34070    

 EXTERNAL ERROR MATRIX.    NDIM=  50    NPAR= 11    ERR DEF=  1.00    
 ELEMENTS ABOVE DIAGONAL ARE NOT PRINTED.
  0.718E+04
  0.119E-01 0.354E-06
  0.111E-01-0.125E-06 0.232E-06
  0.275E-03 0.844E-09 0.183E-08 0.882E-07
  0.226E+00 0.605E-06 0.403E-06-0.649E-07 0.558E-04
  0.432E+05 0.112E+00 0.832E-01-0.318E-01 0.237E+02 0.154E+08
 -0.403E+04-0.179E-02-0.241E-01 0.439E-01-0.367E+02-0.323E+08 0.103E+09
 -0.667E+05-0.178E+00-0.120E+00 0.400E-01-0.170E+02-0.307E+07-0.666E+08
  0.252E+09
 -0.984E+04-0.364E-01 0.998E-03-0.568E-01 0.337E+02 0.273E+08-0.270E+08
 -0.217E+09 0.305E+09
  0.661E-06 0.179E-11 0.113E-11-0.784E-13 0.696E-10-0.132E-04 0.127E-03
  0.459E-04-0.295E-03 0.587E-06
 -0.325E-04-0.889E-10-0.541E-10-0.183E-11-0.282E-09 0.308E-02-0.904E-02
 -0.901E-02 0.212E-01-0.302E-07 0.395E-05

 PARAMETER  CORRELATION COEFFICIENTS
       NO.  GLOBAL     1     2     3     4     5     6     7     8     9    11
        1  0.57876  1.000 0.236 0.272 0.011 0.357 0.130-0.005-0.050-0.007 0.000
        2  0.57666  0.236 1.000-0.435 0.005 0.136 0.048 0.000-0.019-0.003 0.000
        3  0.58471  0.272-0.435 1.000 0.013 0.112 0.044-0.005-0.016 0.000 0.000
        4  0.04109  0.011 0.005 0.013 1.000-0.029-0.027 0.015 0.008-0.011 0.000
        5  0.90598  0.357 0.136 0.112-0.029 1.000 0.807-0.485-0.143 0.258 0.000
        6  0.99001  0.130 0.048 0.044-0.027 0.807 1.000-0.812-0.049 0.398 0.000
        7  0.99471 -0.005 0.000-0.005 0.015-0.485-0.812 1.000-0.414-0.153 0.000
        8  0.99417 -0.050-0.019-0.016 0.008-0.143-0.049-0.414 1.000-0.783 0.000
        9  0.98830 -0.007-0.003 0.000-0.011 0.258 0.398-0.153-0.783 1.000 0.000
       11  0.01982  0.000 0.000 0.000 0.000 0.000 0.000 0.000 0.000 0.000 1.000
       12  0.01985  0.000 0.000 0.000 0.000 0.000 0.000 0.000 0.000 0.001-0.020
                    1.000
 **********
 **   24 **CALL FCN   3.000    
 **********
 ELEMENTS ABOVE DIAGONAL ARE NOT PRINTED.
 **********
 **   25 **SET PAR    10.00       17.00    
 **********
 **********
 **   26 **MIGRAD
 **********

 FIRST CALL TO USER FUNCTION AT NEW START POINT, WITH IFLAG=4.
 START MIGRAD MINIMIZATION.  STRATEGY 1.  CONVERGENCE WHEN EDM .LT. 0.10E-03

 FCN=  -1162363.     FROM MIGRAD    STATUS=INITIATE      22 CALLS     1880 TOTAL
                     EDM=  0.23E-03  STRATEGY=1  ERROR MATRIX UNCERTAINTY=100.0%

  EXT PARAMETER                APPROXIMATE        STEP         FIRST   
  NO.   NAME        VALUE          ERROR          SIZE      DERIVATIVE 
   1    N1          2016.3        84.726        36.372       0.29874E-06
   2    SIG1       0.31375E-02   0.59529E-03   0.25572E-03  -0.98065E-01
   3    GAMMA      0.94634E-02   0.48131E-03   0.20556E-03   0.25401E-01
   4    M1          1.5317       0.29691E-03   0.15617E-03   0.49816E-01
   5    PWR        0.55197       0.74689E-02   0.16645E-02   -2.0094    
   6    A0         0.30622E+06    3929.9        290.31       0.16755E-04
   7    A1        -0.68984E+06    10131.        539.31       0.68755E-05
   8    A2         0.75105E+06    15881.        864.20       0.25935E-05
   9    A3        -0.28910E+06    17465.        1273.9       0.10621E-05
  10    N2          17.000       constant   
  11    SIG2       0.65997E-02   0.76601E-03   0.40317E-03   0.43421E-01
  12    M2          1.8621       0.19873E-02   0.10460E-02   -2.7154    
 MIGRAD FAILS TO FIND IMPROVEMENT

 MIGRAD MINIMIZATION HAS CONVERGED.

 MIGRAD WILL VERIFY CONVERGENCE AND ERROR MATRIX.
 COVARIANCE MATRIX CALCULATED SUCCESSFULLY

 FCN=  -1162363.     FROM MIGRAD    STATUS=CONVERGED    172 CALLS     2030 TOTAL
                     EDM=  0.79E-05    STRATEGY= 1      ERROR MATRIX ACCURATE 

  EXT PARAMETER                                   STEP         FIRST   
  NO.   NAME        VALUE          ERROR          SIZE      DERIVATIVE 
   1    N1          2016.3        84.725        36.371       0.77340E-05
   2    SIG1       0.31374E-02   0.59523E-03   0.25578E-03   -1.3870    
   3    GAMMA      0.94633E-02   0.48130E-03   0.20556E-03    1.3476    
   4    M1          1.5317       0.29691E-03   0.15613E-03   -7.2725    
   5    PWR        0.55195       0.74688E-02   0.16645E-02   0.42608E-01
   6    A0         0.30622E+06    3929.7        290.31       0.33458E-06
   7    A1        -0.68986E+06    10131.        539.31       0.36272E-06
   8    A2         0.75107E+06    15881.        864.20      -0.18883E-07
   9    A3        -0.28908E+06    17465.        1273.9       0.38346E-07
  10    N2          17.000       constant   
  11    SIG2       0.65996E-02   0.76598E-03   0.40315E-03   0.48224E-01
  12    M2          1.8621       0.19865E-02   0.10455E-02  -0.13775    

 EXTERNAL ERROR MATRIX.    NDIM=  50    NPAR= 11    ERR DEF=  1.00    
 ELEMENTS ABOVE DIAGONAL ARE NOT PRINTED.
  0.718E+04
  0.119E-01 0.354E-06
  0.111E-01-0.125E-06 0.232E-06
  0.276E-03 0.853E-09 0.183E-08 0.882E-07
  0.226E+00 0.605E-06 0.403E-06-0.649E-07 0.558E-04
  0.432E+05 0.112E+00 0.832E-01-0.318E-01 0.237E+02 0.154E+08
 -0.403E+04-0.178E-02-0.241E-01 0.439E-01-0.367E+02-0.323E+08 0.103E+09
 -0.666E+05-0.178E+00-0.120E+00 0.400E-01-0.170E+02-0.307E+07-0.666E+08
  0.252E+09
 -0.984E+04-0.364E-01 0.997E-03-0.568E-01 0.337E+02 0.273E+08-0.270E+08
 -0.217E+09 0.305E+09
  0.701E-06 0.190E-11 0.120E-11-0.629E-13 0.649E-10-0.203E-04 0.135E-03
  0.586E-04-0.308E-03 0.587E-06
 -0.345E-04-0.943E-10-0.574E-10-0.195E-11-0.297E-09 0.327E-02-0.959E-02
 -0.956E-02 0.225E-01-0.320E-07 0.395E-05

 PARAMETER  CORRELATION COEFFICIENTS
       NO.  GLOBAL     1     2     3     4     5     6     7     8     9    11
        1  0.57875  1.000 0.236 0.272 0.011 0.357 0.130-0.005-0.050-0.007 0.000
        2  0.57661  0.236 1.000-0.435 0.005 0.136 0.048 0.000-0.019-0.003 0.000
        3  0.58468  0.272-0.435 1.000 0.013 0.112 0.044-0.005-0.016 0.000 0.000
        4  0.04109  0.011 0.005 0.013 1.000-0.029-0.027 0.015 0.008-0.011 0.000
        5  0.90597  0.357 0.136 0.112-0.029 1.000 0.807-0.485-0.143 0.258 0.000
        6  0.99001  0.130 0.048 0.044-0.027 0.807 1.000-0.812-0.049 0.398 0.000
        7  0.99471 -0.005 0.000-0.005 0.015-0.485-0.812 1.000-0.414-0.153 0.000
        8  0.99417 -0.050-0.019-0.016 0.008-0.143-0.049-0.414 1.000-0.783 0.000
        9  0.98830 -0.007-0.003 0.000-0.011 0.258 0.398-0.153-0.783 1.000 0.000
       11  0.02103  0.000 0.000 0.000 0.000 0.000 0.000 0.000 0.000 0.000 1.000
       12  0.02105  0.000 0.000 0.000 0.000 0.000 0.000 0.000 0.000 0.001-0.021
                    1.000
 **********
 **   27 **CALL FCN   3.000    
 **********
 ELEMENTS ABOVE DIAGONAL ARE NOT PRINTED.
 **********
 **   28 **SET PAR    10.00       18.00    
 **********
 **********
 **   29 **MIGRAD
 **********

 FIRST CALL TO USER FUNCTION AT NEW START POINT, WITH IFLAG=4.
 START MIGRAD MINIMIZATION.  STRATEGY 1.  CONVERGENCE WHEN EDM .LT. 0.10E-03

 FCN=  -1162363.     FROM MIGRAD    STATUS=INITIATE      22 CALLS     2054 TOTAL
                     EDM=  0.20E-03  STRATEGY=1  ERROR MATRIX UNCERTAINTY=100.0%

  EXT PARAMETER                APPROXIMATE        STEP         FIRST   
  NO.   NAME        VALUE          ERROR          SIZE      DERIVATIVE 
   1    N1          2016.3        84.725        36.371       0.25982E-07
   2    SIG1       0.31374E-02   0.59523E-03   0.25578E-03   0.68306E-01
   3    GAMMA      0.94633E-02   0.48130E-03   0.20556E-03  -0.16206E-01
   4    M1          1.5317       0.29691E-03   0.15613E-03  -0.26129    
   5    PWR        0.55195       0.74688E-02   0.16645E-02   -1.8395    
   6    A0         0.30622E+06    3929.7        290.31       0.15449E-04
   7    A1        -0.68986E+06    10131.        539.31       0.63648E-05
   8    A2         0.75107E+06    15881.        864.20       0.23444E-05
   9    A3        -0.28908E+06    17465.        1273.9       0.95858E-06
  10    N2          18.000       constant   
  11    SIG2       0.65996E-02   0.76598E-03   0.40315E-03  -0.10702    
  12    M2          1.8621       0.19865E-02   0.10455E-02   -2.4978    
 MIGRAD FAILS TO FIND IMPROVEMENT

 MIGRAD MINIMIZATION HAS CONVERGED.

 MIGRAD WILL VERIFY CONVERGENCE AND ERROR MATRIX.
 COVARIANCE MATRIX CALCULATED SUCCESSFULLY

 FCN=  -1162363.     FROM MIGRAD    STATUS=CONVERGED    207 CALLS     2239 TOTAL
                     EDM=  0.83E-05    STRATEGY= 1      ERROR MATRIX ACCURATE 

  EXT PARAMETER                                   STEP         FIRST   
  NO.   NAME        VALUE          ERROR          SIZE      DERIVATIVE 
   1    N1          2016.2        84.725        36.370       0.84916E-05
   2    SIG1       0.31373E-02   0.59527E-03   0.25602E-03   -1.6507    
   3    GAMMA      0.94633E-02   0.48130E-03   0.20555E-03    1.3076    
   4    M1          1.5317       0.29688E-03   0.15617E-03    3.4052    
   5    PWR        0.55194       0.74688E-02   0.16645E-02   0.32487    
   6    A0         0.30622E+06    3929.7        290.30      -0.19974E-05
   7    A1        -0.68989E+06    10131.        539.30      -0.53218E-06
   8    A2         0.75111E+06    15881.        864.18      -0.39653E-06
   9    A3        -0.28907E+06    17465.        1273.9      -0.95362E-07
  10    N2          18.000       constant   
  11    SIG2       0.65996E-02   0.76595E-03   0.40312E-03   0.70413E-01
  12    M2          1.8621       0.19857E-02   0.10451E-02   0.21874    

 EXTERNAL ERROR MATRIX.    NDIM=  50    NPAR= 11    ERR DEF=  1.00    
 ELEMENTS ABOVE DIAGONAL ARE NOT PRINTED.
  0.718E+04
  0.119E-01 0.354E-06
  0.111E-01-0.125E-06 0.232E-06
  0.276E-03 0.868E-09 0.182E-08 0.881E-07
  0.226E+00 0.605E-06 0.403E-06-0.649E-07 0.558E-04
  0.432E+05 0.112E+00 0.832E-01-0.317E-01 0.237E+02 0.154E+08
 -0.403E+04-0.177E-02-0.241E-01 0.439E-01-0.367E+02-0.323E+08 0.103E+09
 -0.666E+05-0.178E+00-0.120E+00 0.400E-01-0.170E+02-0.307E+07-0.666E+08
  0.252E+09
 -0.983E+04-0.364E-01 0.101E-02-0.568E-01 0.337E+02 0.273E+08-0.270E+08
 -0.217E+09 0.305E+09
  0.741E-06 0.201E-11 0.126E-11-0.451E-13 0.590E-10-0.282E-04 0.142E-03
  0.743E-04-0.321E-03 0.587E-06
 -0.364E-04-0.998E-10-0.607E-10-0.208E-11-0.308E-09 0.346E-02-0.101E-01
 -0.101E-01 0.238E-01-0.338E-07 0.394E-05

 PARAMETER  CORRELATION COEFFICIENTS
       NO.  GLOBAL     1     2     3     4     5     6     7     8     9    11
        1  0.57876  1.000 0.236 0.272 0.011 0.357 0.130-0.005-0.050-0.007 0.000
        2  0.57664  0.236 1.000-0.435 0.005 0.136 0.048 0.000-0.019-0.003 0.000
        3  0.58469  0.272-0.435 1.000 0.013 0.112 0.044-0.005-0.016 0.000 0.000
        4  0.04110  0.011 0.005 0.013 1.000-0.029-0.027 0.015 0.008-0.011 0.000
        5  0.90597  0.357 0.136 0.112-0.029 1.000 0.807-0.485-0.143 0.258 0.000
        6  0.99001  0.130 0.048 0.044-0.027 0.807 1.000-0.812-0.049 0.398 0.000
        7  0.99471 -0.005 0.000-0.005 0.015-0.485-0.812 1.000-0.414-0.153 0.000
        8  0.99417 -0.050-0.019-0.016 0.008-0.143-0.049-0.414 1.000-0.783 0.000
        9  0.98831 -0.007-0.003 0.000-0.011 0.258 0.398-0.153-0.783 1.000 0.000
       11  0.02223  0.000 0.000 0.000 0.000 0.000 0.000 0.000 0.000 0.000 1.000
       12  0.02225  0.000 0.000 0.000 0.000 0.000 0.000-0.001 0.000 0.001-0.022
                    1.000
 **********
 **   30 **CALL FCN   3.000    
 **********
 ELEMENTS ABOVE DIAGONAL ARE NOT PRINTED.
 **********
 **   31 **SET PAR    10.00       19.00    
 **********
 **********
 **   32 **MIGRAD
 **********

 FIRST CALL TO USER FUNCTION AT NEW START POINT, WITH IFLAG=4.
 START MIGRAD MINIMIZATION.  STRATEGY 1.  CONVERGENCE WHEN EDM .LT. 0.10E-03

 FCN=  -1162363.     FROM MIGRAD    STATUS=INITIATE      22 CALLS     2263 TOTAL
                     EDM=  0.15E-03  STRATEGY=1  ERROR MATRIX UNCERTAINTY=100.0%

  EXT PARAMETER                APPROXIMATE        STEP         FIRST   
  NO.   NAME        VALUE          ERROR          SIZE      DERIVATIVE 
   1    N1          2016.2        84.725        36.370       0.78338E-06
   2    SIG1       0.31373E-02   0.59527E-03   0.25602E-03  -0.22598    
   3    GAMMA      0.94633E-02   0.48130E-03   0.20555E-03   0.11208    
   4    M1          1.5317       0.29688E-03   0.15617E-03   0.96709E-01
   5    PWR        0.55194       0.74688E-02   0.16645E-02   -1.5554    
   6    A0         0.30622E+06    3929.7        290.30       0.13103E-04
   7    A1        -0.68989E+06    10131.        539.30       0.54641E-05
   8    A2         0.75111E+06    15881.        864.18       0.19646E-05
   9    A3        -0.28907E+06    17465.        1273.9       0.82388E-06
  10    N2          19.000       constant   
  11    SIG2       0.65996E-02   0.76595E-03   0.40312E-03  -0.23821    
  12    M2          1.8621       0.19857E-02   0.10451E-02   -2.1267    
 MIGRAD FAILS TO FIND IMPROVEMENT

 MIGRAD MINIMIZATION HAS CONVERGED.

 MIGRAD WILL VERIFY CONVERGENCE AND ERROR MATRIX.
 COVARIANCE MATRIX CALCULATED SUCCESSFULLY

 FCN=  -1162363.     FROM MIGRAD    STATUS=CONVERGED    199 CALLS     2440 TOTAL
                     EDM=  0.20E-04    STRATEGY= 1      ERROR MATRIX ACCURATE 

  EXT PARAMETER                                   STEP         FIRST   
  NO.   NAME        VALUE          ERROR          SIZE      DERIVATIVE 
   1    N1          2016.2        84.725        36.370       0.18027E-04
   2    SIG1       0.31368E-02   0.59527E-03   0.25602E-03   -2.5966    
   3    GAMMA      0.94636E-02   0.48130E-03   0.20555E-03    3.0985    
   4    M1          1.5317       0.29689E-03   0.15617E-03   -1.5529    
   5    PWR        0.55193       0.74686E-02   0.16645E-02   0.74900    
   6    A0         0.30621E+06    3929.6        290.29      -0.49907E-05
   7    A1        -0.68992E+06    10131.        539.29      -0.15784E-05
   8    A2         0.75116E+06    15881.        864.18      -0.76324E-06
   9    A3        -0.28906E+06    17466.        1273.8      -0.17504E-06
  10    N2          19.000       constant   
  11    SIG2       0.65997E-02   0.76591E-03   0.40309E-03   0.17339    
  12    M2          1.8621       0.19849E-02   0.10446E-02   0.53369    

 EXTERNAL ERROR MATRIX.    NDIM=  50    NPAR= 11    ERR DEF=  1.00    
 ELEMENTS ABOVE DIAGONAL ARE NOT PRINTED.
  0.718E+04
  0.119E-01 0.354E-06
  0.111E-01-0.125E-06 0.232E-06
  0.276E-03 0.862E-09 0.183E-08 0.881E-07
  0.226E+00 0.605E-06 0.403E-06-0.649E-07 0.558E-04
  0.432E+05 0.112E+00 0.832E-01-0.317E-01 0.237E+02 0.154E+08
 -0.403E+04-0.176E-02-0.241E-01 0.439E-01-0.367E+02-0.323E+08 0.103E+09
 -0.666E+05-0.178E+00-0.120E+00 0.400E-01-0.170E+02-0.307E+07-0.666E+08
  0.252E+09
 -0.983E+04-0.364E-01 0.101E-02-0.568E-01 0.337E+02 0.273E+08-0.270E+08
 -0.217E+09 0.305E+09
  0.782E-06 0.213E-11 0.133E-11-0.252E-13 0.524E-10-0.368E-04 0.150E-03
  0.900E-04-0.333E-03 0.587E-06
 -0.384E-04-0.105E-09-0.640E-10-0.220E-11-0.321E-09 0.365E-02-0.107E-01
 -0.107E-01 0.251E-01-0.356E-07 0.394E-05

 PARAMETER  CORRELATION COEFFICIENTS
       NO.  GLOBAL     1     2     3     4     5     6     7     8     9    11
        1  0.57875  1.000 0.236 0.272 0.011 0.357 0.130-0.005-0.050-0.007 0.000
        2  0.57662  0.236 1.000-0.435 0.005 0.136 0.048 0.000-0.019-0.003 0.000
        3  0.58469  0.272-0.435 1.000 0.013 0.112 0.044-0.005-0.016 0.000 0.000
        4  0.04110  0.011 0.005 0.013 1.000-0.029-0.027 0.015 0.008-0.011 0.000
        5  0.90596  0.357 0.136 0.112-0.029 1.000 0.807-0.485-0.143 0.258 0.000
        6  0.99001  0.130 0.048 0.044-0.027 0.807 1.000-0.812-0.049 0.398 0.000
        7  0.99471 -0.005 0.000-0.005 0.015-0.485-0.812 1.000-0.414-0.153 0.000
        8  0.99417 -0.050-0.019-0.016 0.008-0.143-0.049-0.414 1.000-0.783 0.000
        9  0.98831 -0.007-0.003 0.000-0.011 0.258 0.398-0.153-0.783 1.000 0.000
       11  0.02342  0.000 0.000 0.000 0.000 0.000 0.000 0.000 0.000 0.000 1.000
       12  0.02345  0.000 0.000 0.000 0.000 0.000 0.000-0.001 0.000 0.001-0.023
                    1.000
 **********
 **   33 **CALL FCN   3.000    
 **********
 ELEMENTS ABOVE DIAGONAL ARE NOT PRINTED.
 **********
 **   34 **STOP 
 **********
