 ***************************************************************************
  MINUIT RELEASE 96.03  INITIALIZED.   DIMENSIONS 100/ 50  EPSMAC=  0.89E-15
 ***************************************************************************
                          MINUIT DATA BLOCK NO.   1
 ***************************************************************************
 ENTER MINUIT TITLE, or "SET INPUT n" : 
 ENTER MINUIT TITLE, or "SET INPUT n" : 
 FIT xicst                                         
 ******************************************************************************
 ENTER MINUIT PARAMETER DEFINITION:     
 ENTER MINUIT PARAMETER DEFINITION:     
     1 'N1        '    1000.0      0.10000E-03     no limits
 ENTER MINUIT PARAMETER DEFINITION:     
     2 'SIG1      '   0.50000E-02  0.10000E-03     no limits
 ENTER MINUIT PARAMETER DEFINITION:     
     3 'GAMMA     '   0.91000E-02  constant
 ENTER MINUIT PARAMETER DEFINITION:     
     4 'M1        '    1.5320      0.50000E-02     no limits
 ENTER MINUIT PARAMETER DEFINITION:     
     5 'A0        '   0.20000E-02  0.50000E-02     no limits
 ENTER MINUIT PARAMETER DEFINITION:     
     6 'A1        '   0.20000E-02  0.50000E-02     no limits
 ENTER MINUIT PARAMETER DEFINITION:     
     7 'A2        '   0.00000E+00  0.50000E-02     no limits
 ENTER MINUIT PARAMETER DEFINITION:     
     8 'A3        '   0.00000E+00  0.50000E-02     no limits
 ENTER MINUIT PARAMETER DEFINITION:     
     9 'N2        '    1000.0       10.000         no limits
 ENTER MINUIT PARAMETER DEFINITION:     
    10 'SIG2      '   0.80000E-02  0.12000E-02     no limits
 ENTER MINUIT PARAMETER DEFINITION:     
    11 'M2        '    1.8620      0.20000E-02     no limits
 ENTER MINUIT PARAMETER DEFINITION:     

 MINUIT: FIRST CALL TO USER FUNCTION, WITH IFLAG=1

 FCN=  -142267.6     FROM PARAMETR  STATUS=RESET          2 CALLS        2 TOTAL
                     EDM= unknown      STRATEGY= 1      NO ERROR MATRIX       

  EXT PARAMETER               CURRENT GUESS      PHYSICAL LIMITS       
  NO.   NAME        VALUE          ERROR       NEGATIVE      POSITIVE  
   1    N1          1000.0       0.10000E-03
   2    SIG1       0.50000E-02   0.10000E-03
   3    GAMMA      0.91000E-02   constant   
   4    M1          1.5320       0.50000E-02
   5    A0         0.20000E-02   0.50000E-02
   6    A1         0.20000E-02   0.50000E-02
   7    A2         0.00000E+00   0.50000E-02
   8    A3         0.00000E+00   0.50000E-02
   9    N2          1000.0        10.000    
  10    SIG2       0.80000E-02   0.12000E-02
  11    M2          1.8620       0.20000E-02
 ENTER MINUIT COMMAND:                  
 **********
 **    1 **SHOW PAR 
 **********

 FCN=  -142267.6     FROM PARAMETR  STATUS=RESET          2 CALLS        2 TOTAL
                     EDM= unknown      STRATEGY= 1      NO ERROR MATRIX       

  EXT PARAMETER               CURRENT GUESS      PHYSICAL LIMITS       
  NO.   NAME        VALUE          ERROR       NEGATIVE      POSITIVE  
   1    N1          1000.0       0.10000E-03
   2    SIG1       0.50000E-02   0.10000E-03
   3    GAMMA      0.91000E-02   constant   
   4    M1          1.5320       0.50000E-02
   5    A0         0.20000E-02   0.50000E-02
   6    A1         0.20000E-02   0.50000E-02
   7    A2         0.00000E+00   0.50000E-02
   8    A3         0.00000E+00   0.50000E-02
   9    N2          1000.0        10.000    
  10    SIG2       0.80000E-02   0.12000E-02
  11    M2          1.8620       0.20000E-02
 ENTER MINUIT COMMAND:                  
 **********
 **    2 **SET STR    2.000    
 **********

 NOW USING STRATEGY  2: MAKE SURE MINIMUM TRUE, ERRORS CORRECT  

 ENTER MINUIT COMMAND:                  
 **********
 **    3 **FIX    2.000    
 **********
 ENTER MINUIT COMMAND:                  
 **********
 **    4 **FIX    3.000    
 **********
 PARAMETER   3 IS CONSTANT.      IGNORED.
 ENTER MINUIT COMMAND:                  
 **********
 **    5 **FIX    4.000    
 **********
 ENTER MINUIT COMMAND:                  
 **********
 **    6 **FIX    10.00    
 **********
 ENTER MINUIT COMMAND:                  
 **********
 **    7 **FIX    11.00    
 **********
 ENTER MINUIT COMMAND:                  
 **********
 **    8 **SET PRI    2.000    
 **********
 ENTER MINUIT COMMAND:                  
 **********
 **    9 **MIGRAD 
 **********
 START MIGRAD MINIMIZATION.  STRATEGY 2.  CONVERGENCE WHEN EDM .LT. 0.10E-03
   START COVARIANCE MATRIX CALCULATION.
 EIGENVALUES OF SECOND-DERIVATIVE MATRIX:
         0.1029E-02  0.1656E-02  0.3584E-01  0.5980E+00  0.1001E+01  0.4363E+01
 COVARIANCE MATRIX CALCULATED SUCCESSFULLY

 FCN=  -142267.6     FROM HESSE     STATUS=OK            54 CALLS       56 TOTAL
                     EDM=  0.14E+05    STRATEGY= 2      ERROR MATRIX ACCURATE 

  EXT PARAMETER                                   STEP         FIRST   
  NO.   NAME        VALUE          ERROR          SIZE      DERIVATIVE 
   1    N1          1000.0        12.218       0.47684E-01   -29.707    
   2    SIG1       0.50000E-02     fixed    
   3    GAMMA      0.91000E-02   constant   
   4    M1          1.5320         fixed    
   5    A0         0.20000E-02   0.99579       0.50000E-02   -2230.7    
   6    A1         0.20000E-02    2.4752       0.50000E-02   -1331.6    
   7    A2         0.00000E+00    4.4502       0.50000E-02   -825.15    
   8    A3         0.00000E+00    4.4364       0.50000E-02   -524.53    
   9    N2          1000.0        26.090        10.000       -1.1318    
  10    SIG2       0.80000E-02     fixed    
  11    M2          1.8620         fixed    

 PARAMETER  CORRELATION COEFFICIENTS
       NO.  GLOBAL     1     5     6     7     8     9
        1  0.75818  1.000-0.389 0.121 0.138-0.114-0.007
        5  0.99716 -0.389 1.000-0.784-0.186 0.515-0.015
        6  0.99891  0.121-0.784 1.000-0.391-0.071 0.006
        7  0.99925  0.138-0.186-0.391 1.000-0.869 0.008
        8  0.99835 -0.114 0.515-0.071-0.869 1.000-0.008
        9  0.02844 -0.007-0.015 0.006 0.008-0.008 1.000

 FCN=  -198830.8     FROM MIGRAD    STATUS=PROGRESS      88 CALLS       90 TOTAL
                     EDM=  0.43E+03    STRATEGY= 2      ERROR MATRIX ACCURATE 

  EXT PARAMETER                                   STEP         FIRST   
  NO.   NAME        VALUE          ERROR          SIZE      DERIVATIVE 
   1    N1          12219.        12.218        11219.      -0.39202    
   2    SIG1       0.50000E-02     fixed    
   3    GAMMA      0.91000E-02   constant   
   4    M1          1.5320         fixed    
   5    A0          68.742       0.99579        68.740       -157.12    
   6    A1         -54.325        2.4752       -54.327       -93.658    
   7    A2         -113.81        4.4502       -113.81       -58.041    
   8    A3          95.983        4.4364        95.983       -36.932    
   9    N2          5237.3        26.090        4237.3        1.4387    
  10    SIG2       0.80000E-02     fixed    
  11    M2          1.8620         fixed    

 FCN=  -314131.6     FROM MIGRAD    STATUS=PROGRESS     358 CALLS      360 TOTAL
                     EDM=  0.19E+04  STRATEGY=2  ERROR MATRIX UNCERTAINTY= 31.5%

  EXT PARAMETER                APPROXIMATE        STEP         FIRST   
  NO.   NAME        VALUE          ERROR          SIZE      DERIVATIVE 
   1    N1          551.91        52.298       -338.46      -0.25686    
   2    SIG1       0.50000E-02     fixed    
   3    GAMMA      0.91000E-02   constant   
   4    M1          1.5320         fixed    
   5    A0          76153.        251.51        4627.8      -0.44802    
   6    A1         -62274.        205.70       -3784.6      -0.29705    
   7    A2        -0.12523E+06    413.63       -7610.3      -0.19859    
   8    A3         0.11036E+06    364.53        6706.8      -0.13384    
   9    N2         -243.57        49.182       -209.89       -1.2342    
  10    SIG2       0.80000E-02     fixed    
  11    M2          1.8620         fixed    

 FCN=  -316356.5     FROM MIGRAD    STATUS=PROGRESS     551 CALLS      553 TOTAL
                     EDM=  0.89E+00  STRATEGY=2  ERROR MATRIX UNCERTAINTY= 12.5%

  EXT PARAMETER                APPROXIMATE        STEP         FIRST   
  NO.   NAME        VALUE          ERROR          SIZE      DERIVATIVE 
   1    N1          948.55        51.581        80.195       0.95330E-02
   2    SIG1       0.50000E-02     fixed    
   3    GAMMA      0.91000E-02   constant   
   4    M1          1.5320         fixed    
   5    A0          55605.        1077.1       -2108.8      -0.22882E-01
   6    A1          1467.9        1860.1        3791.9      -0.17266E-01
   7    A2         -78125.        2013.4        4054.3      -0.15562E-01
   8    A3          7221.8        3075.8       -6287.1      -0.12655E-01
   9    N2         -106.06        26.117        48.692      -0.42357E-02
  10    SIG2       0.80000E-02     fixed    
  11    M2          1.8620         fixed    

 FCN=  -316357.7     FROM MIGRAD    STATUS=PROGRESS     711 CALLS      713 TOTAL
                     EDM=  0.32E-02  STRATEGY=2  ERROR MATRIX UNCERTAINTY=  1.6%

  EXT PARAMETER                                   STEP         FIRST   
  NO.   NAME        VALUE          ERROR          SIZE      DERIVATIVE 
   1    N1          956.95        43.654       0.96267E-01   0.49269E-02
   2    SIG1       0.50000E-02     fixed    
   3    GAMMA      0.91000E-02   constant   
   4    M1          1.5320         fixed    
   5    A0          54581.        923.48        43.053      -0.19103E-01
   6    A1          3792.8        1711.5       -42.381      -0.13721E-01
   7    A2         -75843.        1979.2       -84.589      -0.13061E-01
   8    A3          3331.7        2901.5        79.057      -0.10959E-01
   9    N2         -107.60        26.371      -0.26783      -0.76028E-02
  10    SIG2       0.80000E-02     fixed    
  11    M2          1.8620         fixed    

 FCN=  -316358.2     FROM MIGRAD    STATUS=PROGRESS     880 CALLS      882 TOTAL
                     EDM=  0.37E-01  STRATEGY=2  ERROR MATRIX UNCERTAINTY=  0.6%

  EXT PARAMETER                                   STEP         FIRST   
  NO.   NAME        VALUE          ERROR          SIZE      DERIVATIVE 
   1    N1          952.00        43.712       -1.0877      -0.18125E-01
   2    SIG1       0.50000E-02     fixed    
   3    GAMMA      0.91000E-02   constant   
   4    M1          1.5320         fixed    
   5    A0          53498.        848.06       -110.21      -0.26183E-01
   6    A1          4454.2        1592.2        9.7088      -0.15784E-01
   7    A2         -73437.        2033.8        278.64      -0.13814E-01
   8    A3          1793.1        2715.5       -89.807      -0.11259E-01
   9    N2         -98.267        26.438        1.2862      -0.70910E-02
  10    SIG2       0.80000E-02     fixed    
  11    M2          1.8620         fixed    
 CALL LIMIT EXCEEDED IN MIGRAD.
 MIGRAD TERMINATED WITHOUT CONVERGENCE.

 FCN=  -316659.0     FROM MIGRAD    STATUS=CALL LIMIT   993 CALLS      995 TOTAL
                     EDM=  0.94E-02  STRATEGY=2  ERROR MATRIX UNCERTAINTY=  7.5%

  EXT PARAMETER                APPROXIMATE        STEP         FIRST   
  NO.   NAME        VALUE          ERROR          SIZE      DERIVATIVE 
   1    N1          782.24        44.719        8.2619      -0.60574E-04
   2    SIG1       0.50000E-02     fixed    
   3    GAMMA      0.91000E-02   constant   
   4    M1          1.5320         fixed    
   5    A0          73040.        1379.1       -656.80       0.53464E-04
   6    A1         -81815.        5051.5        1918.3       0.18418E-03
   7    A2         -49248.        2775.4        1982.3       0.19518E-04
   8    A3         0.10458E+06    6296.1       -3347.2       0.11418E-03
   9    N2         -15.850        26.823       -2.3641      -0.38016E-03
  10    SIG2       0.80000E-02     fixed    
  11    M2          1.8620         fixed    

 EXTERNAL ERROR MATRIX.    NDIM=  50    NPAR=  6    ERR DEF=  1.00    
  0.200E+04-0.209E+05 0.607E+05 0.101E+05-0.814E+05-0.167E+01
 -0.209E+05 0.190E+07-0.614E+07-0.392E+06 0.805E+07 0.194E+04
  0.607E+05-0.614E+07 0.255E+08-0.455E+07-0.314E+08-0.238E+05
  0.101E+05-0.392E+06-0.455E+07 0.770E+07 0.313E+07 0.138E+05
 -0.814E+05 0.805E+07-0.314E+08 0.313E+07 0.396E+08 0.267E+05
 -0.167E+01 0.194E+04-0.238E+05 0.138E+05 0.267E+05 0.719E+03
 ERR MATRIX APPROXIMATE

 PARAMETER  CORRELATION COEFFICIENTS
       NO.  GLOBAL     1     5     6     7     8     9
        1  0.34478  1.000-0.338 0.269 0.081-0.289-0.001
        5  0.99999 -0.338 1.000-0.882-0.102 0.928 0.052
        6  1.00000  0.269-0.882 1.000-0.325-0.988-0.176
        7  1.00000  0.081-0.102-0.325 1.000 0.179 0.185
        8  1.00000 -0.289 0.928-0.988 0.179 1.000 0.158
        9  0.30071 -0.001 0.052-0.176 0.185 0.158 1.000
 ERR MATRIX APPROXIMATE
 ENTER MINUIT COMMAND:                  
 **********
 **   10 **REL    2.000    
 **********
                    PARAMETER   2, SIG1       RESTORED TO VARIABLE.

 FCN=  -316659.0     FROM RELease   STATUS=RESET          0 CALLS      995 TOTAL
                     EDM= unknown      STRATEGY= 2      NO ERROR MATRIX       

  EXT PARAMETER               CURRENT GUESS      PHYSICAL LIMITS       
  NO.   NAME        VALUE          ERROR       NEGATIVE      POSITIVE  
   1    N1          782.24        44.719    
   2    SIG1       0.50000E-02   0.10000E-03
   3    GAMMA      0.91000E-02   constant   
   4    M1          1.5320         fixed    
   5    A0          73040.        1379.1    
   6    A1         -81815.        5051.5    
   7    A2         -49248.        2775.4    
   8    A3         0.10458E+06    6296.1    
   9    N2         -15.850        26.823    
  10    SIG2       0.80000E-02     fixed    
  11    M2          1.8620         fixed    
 ENTER MINUIT COMMAND:                  
 **********
 **   11 **REL    4.000    
 **********
                    PARAMETER   4, M1         RESTORED TO VARIABLE.

 FCN=  -316659.0     FROM RELease   STATUS=RESET          0 CALLS      995 TOTAL
                     EDM= unknown      STRATEGY= 2      NO ERROR MATRIX       

  EXT PARAMETER               CURRENT GUESS      PHYSICAL LIMITS       
  NO.   NAME        VALUE          ERROR       NEGATIVE      POSITIVE  
   1    N1          782.24        44.719    
   2    SIG1       0.50000E-02   0.10000E-03
   3    GAMMA      0.91000E-02   constant   
   4    M1          1.5320       0.50000E-02
   5    A0          73040.        1379.1    
   6    A1         -81815.        5051.5    
   7    A2         -49248.        2775.4    
   8    A3         0.10458E+06    6296.1    
   9    N2         -15.850        26.823    
  10    SIG2       0.80000E-02     fixed    
  11    M2          1.8620         fixed    
 ENTER MINUIT COMMAND:                  
 **********
 **   12 **MIGRAD 
 **********
 START MIGRAD MINIMIZATION.  STRATEGY 2.  CONVERGENCE WHEN EDM .LT. 0.10E-03
   START COVARIANCE MATRIX CALCULATION.
