 ***************************************************************************
  MINUIT RELEASE 96.03  INITIALIZED.   DIMENSIONS 100/ 50  EPSMAC=  0.89E-15
 ***************************************************************************
                          MINUIT DATA BLOCK NO.   1
 ***************************************************************************
 ENTER MINUIT TITLE, or "SET INPUT n" : 
 ENTER MINUIT TITLE, or "SET INPUT n" : 
 FIT mc_1862                                       
 ******************************************************************************
 ENTER MINUIT PARAMETER DEFINITION:     
 ENTER MINUIT PARAMETER DEFINITION:     
     1 'N1        '    1000.0      0.10000E-03     no limits
 ENTER MINUIT PARAMETER DEFINITION:     
     2 'SIG1      '   0.50000E-02  0.10000E-03     no limits
 ENTER MINUIT PARAMETER DEFINITION:     
     3 'M1        '    1.8620      0.50000E-02     no limits
 ENTER MINUIT PARAMETER DEFINITION:     

 MINUIT: FIRST CALL TO USER FUNCTION, WITH IFLAG=1

 FCN=   773379.6     FROM PARAMETR  STATUS=RESET          2 CALLS        2 TOTAL
                     EDM= unknown      STRATEGY= 1      NO ERROR MATRIX       

  EXT PARAMETER               CURRENT GUESS      PHYSICAL LIMITS       
  NO.   NAME        VALUE          ERROR       NEGATIVE      POSITIVE  
   1     N1         1000.0       0.10000E-03
   2     SIG1      0.50000E-02   0.10000E-03
   3     M1         1.8620       0.50000E-02
 ENTER MINUIT COMMAND:                  
 **********
 **    1 ** 
 **********
           BLANK COMMAND IGNORED.
 ENTER MINUIT COMMAND:                  
 **********
 **    2 **SHOW PAR 
 **********

 FCN=   773379.6     FROM           STATUS=RESET          0 CALLS        2 TOTAL
                     EDM= unknown      STRATEGY= 1      NO ERROR MATRIX       

  EXT PARAMETER               CURRENT GUESS      PHYSICAL LIMITS       
  NO.   NAME        VALUE          ERROR       NEGATIVE      POSITIVE  
   1     N1         1000.0       0.10000E-03
   2     SIG1      0.50000E-02   0.10000E-03
   3     M1         1.8620       0.50000E-02
 ENTER MINUIT COMMAND:                  
 **********
 **    3 **SET STR    2.000    
 **********

 NOW USING STRATEGY  2: MAKE SURE MINIMUM TRUE, ERRORS CORRECT  

 ENTER MINUIT COMMAND:                  
 **********
 **    4 **SET PRI    1.000    
 **********
 ENTER MINUIT COMMAND:                  
 **********
 **    5 **MIG 
 **********
 START MIGRAD MINIMIZATION.  STRATEGY 2.  CONVERGENCE WHEN EDM .LT. 0.10E-03
 MINUIT WARNING IN HESSE   
 ============== Negative diagonal element  2 in Error Matrix
 MINUIT WARNING IN HESSE   
 ============== Negative diagonal element  3 in Error Matrix
 MINUIT WARNING IN HESSE   
 ==============     0.25E+13 added to diagonal of error matrix
 EIGENVALUES OF SECOND-DERIVATIVE MATRIX:
        -0.1295E+04  0.1000E+01  0.1297E+04
 MINUIT WARNING IN HESSE   
 ============== MATRIX FORCED POS-DEF BY ADDING   1295.9     TO DIAGONAL.

 FCN=   773379.6     FROM HESSE     STATUS=NOT POSDEF    50 CALLS       52 TOTAL
                     EDM=  0.17E+17    STRATEGY= 2      ERR MATRIX NOT POS-DEF

  EXT PARAMETER                APPROXIMATE        STEP         FIRST   
  NO.   NAME        VALUE          ERROR          SIZE      DERIVATIVE 
   1     N1         1000.0       0.25085E-07   0.47684       0.62600    
   2     SIG1      0.50000E-02   0.87844       0.15208E-04  -0.29928E+09
   3     M1         1.8620       0.56137E-06   0.53374E-03  -0.90534E+07

 MIGRAD MINIMIZATION HAS CONVERGED.

 MIGRAD WILL VERIFY CONVERGENCE AND ERROR MATRIX.
 MINUIT WARNING IN HESSE
 ============== Second derivative enters zero, param    3
 MINUIT WARNING IN HESSE
 ============== Second derivative zero for parameter   3
  MNHESS FAILS AND WILL RETURN DIAGONAL MATRIX. 

 FCN=   15693.24     FROM MIGRAD    STATUS=CONVERGED     86 CALLS       88 TOTAL
                     EDM=  0.91E-08  STRATEGY=2  ERROR MATRIX UNCERTAINTY=100.0%

  EXT PARAMETER                APPROXIMATE        STEP         FIRST   
  NO.   NAME        VALUE          ERROR          SIZE      DERIVATIVE 
   1     N1         1000.0        37.635        2.3021       0.58800    
   2     SIG1      0.64952E+07    1.4142        3.0972       0.21739E-03
   3     M1        -2.2846       0.79389E-06   -4.1466       0.00000E+00

 EXTERNAL ERROR MATRIX.    NDIM=  50    NPAR=  3    ERR DEF=  1.00    
  0.142E+04 0.000E+00 0.000E+00
  0.000E+00 0.200E+01 0.000E+00
  0.000E+00 0.000E+00 0.630E-12
 ERR MATRIX APPROXIMATE

 PARAMETER  CORRELATION COEFFICIENTS
       NO.  GLOBAL     1     2     3
        1  0.00000  1.000 0.000 0.000
        2  0.00000  0.000 1.000 0.000
        3  0.00000  0.000 0.000 1.000
 ERR MATRIX APPROXIMATE
 ENTER MINUIT COMMAND:                  
 **********
 **    6 **MINOS 
 **********
 MINUIT WARNING IN HESSE
 ============== Second derivative zero for parameter   3
  MNHESS FAILS AND WILL RETURN DIAGONAL MATRIX. 
 MINUIT WARNING IN MIGRAD
 ============== STARTING MATRIX NOT POS-DEFINITE.
 MINUIT WARNING IN MIGRAD  
 ============== Negative diagonal element  1 in Error Matrix
 MINUIT WARNING IN MIGRAD  
 ============== Negative diagonal element  2 in Error Matrix
 MINUIT WARNING IN MIGRAD  
 ==============     0.25E+10 added to diagonal of error matrix
 EIGENVALUES OF SECOND-DERIVATIVE MATRIX:
        -0.4469E+04  0.4471E+04
 MINUIT WARNING IN MIGRAD  
 ============== MATRIX FORCED POS-DEF BY ADDING   4473.0     TO DIAGONAL.
 EIGENVALUES OF SECOND-DERIVATIVE MATRIX:
        -0.3112E+01  0.5112E+01
 MINUIT WARNING IN MIGRAD  
 ============== MATRIX FORCED POS-DEF BY ADDING   3.1168     TO DIAGONAL.
 MINUIT WARNING IN MIGRAD  
 ============== Negative diagonal element  1 in Error Matrix
 MINUIT WARNING IN MIGRAD  
 ============== Negative diagonal element  2 in Error Matrix
 MINUIT WARNING IN MIGRAD  
 ==============     0.81E+04 added to diagonal of error matrix
 EIGENVALUES OF SECOND-DERIVATIVE MATRIX:
        -0.8835E+02  0.9035E+02
 MINUIT WARNING IN MIGRAD  
 ============== MATRIX FORCED POS-DEF BY ADDING   88.436     TO DIAGONAL.
 CALL LIMIT EXCEEDED IN MIGRAD.

 MINUIT TASK: FIT mc_1862                                       

 FCN=  -10376.00     FROM MINOS     STATUS=NEW MINIMU   760 CALLS      863 TOTAL
                     EDM= unknown      STRATEGY= 2      NO ERROR MATRIX       

  EXT PARAMETER                  PARABOLIC         MINOS ERRORS        
  NO.   NAME        VALUE          ERROR      NEGATIVE      POSITIVE   
   1     N1         1037.6        37.635                                
   2     SIG1      0.41049E-01   0.69968E-02                            
   3     M1         1.9932       0.15413E-01                            

 NEW MINIMUM FOUND.  GO BACK TO MINIMIZATION STEP.
 ============================================================
                                                            V
                                                            V
                                                            V
                                                         VVVVVVV
                                                          VVVVV
                                                           VVV
                                                            V


 START MIGRAD MINIMIZATION.  STRATEGY 2.  CONVERGENCE WHEN EDM .LT. 0.50E-04
 EIGENVALUES OF SECOND-DERIVATIVE MATRIX:
        -0.4103E+00  0.1000E+01  0.2410E+01
 MINUIT WARNING IN HESSE   
 ============== MATRIX FORCED POS-DEF BY ADDING  0.41272     TO DIAGONAL.

 FCN=  -10376.00     FROM HESSE     STATUS=NOT POSDEF    18 CALLS      881 TOTAL
                     EDM=  0.15E+06    STRATEGY= 2      ERR MATRIX NOT POS-DEF

  EXT PARAMETER                APPROXIMATE        STEP         FIRST   
  NO.   NAME        VALUE          ERROR          SIZE      DERIVATIVE 
   1     N1         1037.6        32.852        23.021       0.63921    
   2     SIG1      0.41049E-01   0.18791E-01   0.68467E-04    6840.3    
   3     M1         1.9932       0.22261E-01   0.25820E-03   -28915.    

 MIGRAD MINIMIZATION HAS CONVERGED.

 MIGRAD WILL VERIFY CONVERGENCE AND ERROR MATRIX.
 COVARIANCE MATRIX CALCULATED SUCCESSFULLY

 FCN=  -12020.53     FROM MIGRAD    STATUS=CONVERGED    113 CALLS      976 TOTAL
                     EDM=  0.13E-06    STRATEGY= 2      ERROR MATRIX ACCURATE 

  EXT PARAMETER                                   STEP         FIRST   
  NO.   NAME        VALUE          ERROR          SIZE      DERIVATIVE 
   1     N1         706.01        26.571        1.4224       0.16519E-04
   2     SIG1      0.12620E-01   0.33586E-03   0.18000E-04   0.30965    
   3     M1         2.0277       0.47497E-03   0.25440E-04   0.52796    

 EXTERNAL ERROR MATRIX.    NDIM=  50    NPAR=  3    ERR DEF=  1.00    
  0.706E+03 0.510E-10 0.602E-10
  0.510E-10 0.113E-06 0.228E-09
  0.602E-10 0.228E-09 0.226E-06

 PARAMETER  CORRELATION COEFFICIENTS
       NO.  GLOBAL     1     2     3
        1  0.00000  1.000 0.000 0.000
        2  0.00143  0.000 1.000 0.001
        3  0.00143  0.000 0.001 1.000

 MINUIT TASK: FIT mc_1862                                       

 FCN=  -12020.53     FROM MINOS     STATUS=SUCCESSFUL   113 CALLS     1089 TOTAL
                     EDM=  0.13E-06    STRATEGY= 2      ERROR MATRIX ACCURATE 

  EXT PARAMETER                  PARABOLIC         MINOS ERRORS        
  NO.   NAME        VALUE          ERROR      NEGATIVE      POSITIVE   
   1     N1         706.01        26.571       -26.244        26.899    
   2     SIG1      0.12620E-01   0.33586E-03  -0.32857E-03   0.34344E-03
   3     M1         2.0277       0.47497E-03  -0.47520E-03   0.47508E-03
 ENTER MINUIT COMMAND:                  
 **********
 **    7 **CALL FCN 
 **********
 ENTER MINUIT COMMAND:                  
 **********
 **    8 **STOP 
 **********

 CALL TO USER FUNCTION WITH IFLAG = 3

 ..........MINUIT TERMINATED BY MINUIT COMMAND: STOP                 
