

 ===> Directory : 
        100 (1)   xicst   
 ***************************************************************************
  MINUIT RELEASE 96.03  INITIALIZED.   DIMENSIONS 100/ 50  EPSMAC=  0.89E-15
 ***************************************************************************
                          MINUIT DATA BLOCK NO.   1
 ***************************************************************************
 ENTER MINUIT TITLE, or "SET INPUT n" : 
 ENTER MINUIT TITLE, or "SET INPUT n" : 
 FIT xicst                                         
 ******************************************************************************
 ENTER MINUIT PARAMETER DEFINITION:     
 ENTER MINUIT PARAMETER DEFINITION:     
     1 'N1        '    2000.0       100.00         no limits
 ENTER MINUIT PARAMETER DEFINITION:     
     2 'SIG1      '   0.50000E-02  0.10000E-03     no limits
 ENTER MINUIT PARAMETER DEFINITION:     
     3 'GAMMA     '   0.91000E-02  constant
 ENTER MINUIT PARAMETER DEFINITION:     
     4 'M1        '    1.5320      0.50000E-02     no limits
 ENTER MINUIT PARAMETER DEFINITION:     
     5 'N2        '    0.0000      constant
 ENTER MINUIT PARAMETER DEFINITION:     
     6 'SIG2      '   0.80000E-02  0.15000E-02     no limits
 ENTER MINUIT PARAMETER DEFINITION:     
     7 'M2        '    1.8620      0.15000E-02     no limits
 ENTER MINUIT PARAMETER DEFINITION:     
     8 'A0        '    444.00       6.0000         no limits
 ENTER MINUIT PARAMETER DEFINITION:     
     9 'A1        '   -2.0000      0.10000         no limits
 ENTER MINUIT PARAMETER DEFINITION:     
    10 'A2        '    1.2000      0.43000         no limits
 ENTER MINUIT PARAMETER DEFINITION:     
    11 'A3        '   0.80000E-01  0.43000         no limits
 ENTER MINUIT PARAMETER DEFINITION:     

 MINUIT: FIRST CALL TO USER FUNCTION, WITH IFLAG=1

 FCN=   18630.33     FROM PARAMETR  STATUS=RESET          2 CALLS        2 TOTAL
                     EDM= unknown      STRATEGY= 1      NO ERROR MATRIX       

  EXT PARAMETER               CURRENT GUESS      PHYSICAL LIMITS       
  NO.   NAME        VALUE          ERROR       NEGATIVE      POSITIVE  
   1    N1          2000.0        100.00    
   2    SIG1       0.50000E-02   0.10000E-03
   3    GAMMA      0.91000E-02   constant   
   4    M1          1.5320       0.50000E-02
   5    N2          0.0000       constant   
   6    SIG2       0.80000E-02   0.15000E-02
   7    M2          1.8620       0.15000E-02
   8    A0          444.00        6.0000    
   9    A1         -2.0000       0.10000    
  10    A2          1.2000       0.43000    
  11    A3         0.80000E-01   0.43000    
 ENTER MINUIT COMMAND:                  
 **********
 **    1 **FIX    2.000    
 **********
 ENTER MINUIT COMMAND:                  
 **********
 **    2 **FIX    3.000    
 **********
 PARAMETER   3 IS CONSTANT.      IGNORED.
 ENTER MINUIT COMMAND:                  
 **********
 **    3 **FIX    4.000    
 **********
 ENTER MINUIT COMMAND:                  
 **********
 **    4 **FIX    2.000    
 **********
 PARAMETER   2 ALREADY FIXED.    IGNORED.
 ENTER MINUIT COMMAND:                  
 **********
 **    5 **FIX    5.000    
 **********
 PARAMETER   5 IS CONSTANT.      IGNORED.
 ENTER MINUIT COMMAND:                  
 **********
 **    6 **FIX    6.000    
 **********
 ENTER MINUIT COMMAND:                  
 **********
 **    7 **FIX    7.000    
 **********
 ENTER MINUIT COMMAND:                  
 **********
 **    8 **SET STR    2.000    
 **********

 NOW USING STRATEGY  2: MAKE SURE MINIMUM TRUE, ERRORS CORRECT  

 ENTER MINUIT COMMAND:                  
 **********
 **    9 **MIGRAD 
 **********
 START MIGRAD MINIMIZATION.  STRATEGY 2.  CONVERGENCE WHEN EDM .LT. 0.10E-03
 COVARIANCE MATRIX CALCULATED SUCCESSFULLY

 FCN=   18630.33     FROM HESSE     STATUS=OK            41 CALLS       43 TOTAL
                     EDM=  0.26E+05    STRATEGY= 2      ERROR MATRIX ACCURATE 

  EXT PARAMETER                                   STEP         FIRST   
  NO.   NAME        VALUE          ERROR          SIZE      DERIVATIVE 
   1    N1          2000.0        75.415        100.00      -0.31799E-01
   2    SIG1       0.50000E-02     fixed    
   3    GAMMA      0.91000E-02   constant   
   4    M1          1.5320         fixed    
   5    N2          0.0000       constant   
   6    SIG2       0.80000E-02     fixed    
   7    M2          1.8620         fixed    
   8    A0          444.00        5.4355        4.4177        128.90    
   9    A1         -2.0000        72.198       0.10000        50.137    
  10    A2          1.2000        319.21       0.43000        21.487    
  11    A3         0.80000E-01    399.39       0.43000        9.7882    
 ******* FUNCTION LESS THAN 0 ********
 ******* PS IS SET TO -100    ********
 ******* FUNCTION LESS THAN 0 ********
 ******* PS IS SET TO -100    ********
 ******* FUNCTION LESS THAN 0 ********
 ******* PS IS SET TO -100    ********
 ******* FUNCTION LESS THAN 0 ********
 ******* PS IS SET TO -100    ********
 ******* FUNCTION LESS THAN 0 ********
 ******* PS IS SET TO -100    ********
 ******* FUNCTION LESS THAN 0 ********
 ******* PS IS SET TO -100    ********
 ******* FUNCTION LESS THAN 0 ********
 ******* PS IS SET TO -100    ********
 ******* FUNCTION LESS THAN 0 ********
 ******* PS IS SET TO -100    ********
 ******* FUNCTION LESS THAN 0 ********
 ******* PS IS SET TO -100    ********
 ******* FUNCTION LESS THAN 0 ********
 ******* PS IS SET TO -100    ********
 ******* FUNCTION LESS THAN 0 ********
 ******* PS IS SET TO -100    ********
 ******* FUNCTION LESS THAN 0 ********
 ******* PS IS SET TO -100    ********
 ******* FUNCTION LESS THAN 0 ********
 ******* PS IS SET TO -100    ********
 ******* FUNCTION LESS THAN 0 ********
 ******* PS IS SET TO -100    ********
 ******* FUNCTION LESS THAN 0 ********
 ******* PS IS SET TO -100    ********
 ******* FUNCTION LESS THAN 0 ********
 ******* PS IS SET TO -100    ********
 ******* FUNCTION LESS THAN 0 ********
 ******* PS IS SET TO -100    ********
 ******* FUNCTION LESS THAN 0 ********
 ******* PS IS SET TO -100    ********
 ******* FUNCTION LESS THAN 0 ********
 ******* PS IS SET TO -100    ********
 ******* FUNCTION LESS THAN 0 ********
 ******* PS IS SET TO -100    ********
 ******* FUNCTION LESS THAN 0 ********
 ******* PS IS SET TO -100    ********
 ******* FUNCTION LESS THAN 0 ********
 ******* PS IS SET TO -100    ********
 ******* FUNCTION LESS THAN 0 ********
 ******* PS IS SET TO -100    ********
 ******* FUNCTION LESS THAN 0 ********
 ******* PS IS SET TO -100    ********
 ******* FUNCTION LESS THAN 0 ********
 ******* PS IS SET TO -100    ********
 ******* FUNCTION LESS THAN 0 ********
 ******* PS IS SET TO -100    ********
 ******* FUNCTION LESS THAN 0 ********
 ******* PS IS SET TO -100    ********
 ******* FUNCTION LESS THAN 0 ********
 ******* PS IS SET TO -100    ********
 ******* FUNCTION LESS THAN 0 ********
 ******* PS IS SET TO -100    ********
 ******* FUNCTION LESS THAN 0 ********
 ******* PS IS SET TO -100    ********
 ******* FUNCTION LESS THAN 0 ********
 ******* PS IS SET TO -100    ********
 ******* FUNCTION LESS THAN 0 ********
 ******* PS IS SET TO -100    ********
 ******* FUNCTION LESS THAN 0 ********
 ******* PS IS SET TO -100    ********
 ******* FUNCTION LESS THAN 0 ********
 ******* PS IS SET TO -100    ********
 ******* FUNCTION LESS THAN 0 ********
 ******* PS IS SET TO -100    ********
 ******* FUNCTION LESS THAN 0 ********
 ******* PS IS SET TO -100    ********
 ******* FUNCTION LESS THAN 0 ********
 ******* PS IS SET TO -100    ********
 ******* FUNCTION LESS THAN 0 ********
 ******* PS IS SET TO -100    ********
 ******* FUNCTION LESS THAN 0 ********
 ******* PS IS SET TO -100    ********
 ******* FUNCTION LESS THAN 0 ********
 ******* PS IS SET TO -100    ********
 ******* FUNCTION LESS THAN 0 ********
 ******* PS IS SET TO -100    ********
 ******* FUNCTION LESS THAN 0 ********
 ******* PS IS SET TO -100    ********
 ******* FUNCTION LESS THAN 0 ********
 ******* PS IS SET TO -100    ********
 ******* FUNCTION LESS THAN 0 ********
 ******* PS IS SET TO -100    ********
 ******* FUNCTION LESS THAN 0 ********
 ******* PS IS SET TO -100    ********
 ******* FUNCTION LESS THAN 0 ********
 ******* PS IS SET TO -100    ********
 ******* FUNCTION LESS THAN 0 ********
 ******* PS IS SET TO -100    ********
 ******* FUNCTION LESS THAN 0 ********
 ******* PS IS SET TO -100    ********
 ******* FUNCTION LESS THAN 0 ********
 ******* PS IS SET TO -100    ********
 ******* FUNCTION LESS THAN 0 ********
 ******* PS IS SET TO -100    ********
 ******* FUNCTION LESS THAN 0 ********
 ******* PS IS SET TO -100    ********
 ******* FUNCTION LESS THAN 0 ********
 ******* PS IS SET TO -100    ********
 ******* FUNCTION LESS THAN 0 ********
 ******* PS IS SET TO -100    ********
 ******* FUNCTION LESS THAN 0 ********
 ******* PS IS SET TO -100    ********
 ******* FUNCTION LESS THAN 0 ********
 ******* PS IS SET TO -100    ********
 ******* FUNCTION LESS THAN 0 ********
 ******* PS IS SET TO -100    ********
 ******* FUNCTION LESS THAN 0 ********
 ******* PS IS SET TO -100    ********
 ******* FUNCTION LESS THAN 0 ********
 ******* PS IS SET TO -100    ********
 ******* FUNCTION LESS THAN 0 ********
 ******* PS IS SET TO -100    ********
 ******* FUNCTION LESS THAN 0 ********
 ******* PS IS SET TO -100    ********
 ******* FUNCTION LESS THAN 0 ********
 ******* PS IS SET TO -100    ********
 ******* FUNCTION LESS THAN 0 ********
 ******* PS IS SET TO -100    ********
 ******* FUNCTION LESS THAN 0 ********
 ******* PS IS SET TO -100    ********
 ******* FUNCTION LESS THAN 0 ********
 ******* PS IS SET TO -100    ********
 ******* FUNCTION LESS THAN 0 ********
 ******* PS IS SET TO -100    ********
 ******* FUNCTION LESS THAN 0 ********
 ******* PS IS SET TO -100    ********
 ******* FUNCTION LESS THAN 0 ********
 ******* PS IS SET TO -100    ********
 ******* FUNCTION LESS THAN 0 ********
 ******* PS IS SET TO -100    ********
 ******* FUNCTION LESS THAN 0 ********
 ******* PS IS SET TO -100    ********
 ******* FUNCTION LESS THAN 0 ********
 ******* PS IS SET TO -100    ********
 ******* FUNCTION LESS THAN 0 ********
 ******* PS IS SET TO -100    ********
 ******* FUNCTION LESS THAN 0 ********
 ******* PS IS SET TO -100    ********
 ******* FUNCTION LESS THAN 0 ********
 ******* PS IS SET TO -100    ********

 MIGRAD MINIMIZATION HAS CONVERGED.

 MIGRAD WILL VERIFY CONVERGENCE AND ERROR MATRIX.
 COVARIANCE MATRIX CALCULATED SUCCESSFULLY

 FCN=   2544.478     FROM MIGRAD    STATUS=CONVERGED    165 CALLS      167 TOTAL
                     EDM=  0.22E-05    STRATEGY= 2      ERROR MATRIX ACCURATE 

  EXT PARAMETER                                   STEP         FIRST   
  NO.   NAME        VALUE          ERROR          SIZE      DERIVATIVE 
   1    N1          2074.5        76.883        1.7246       0.12397E-04
   2    SIG1       0.50000E-02     fixed    
   3    GAMMA      0.91000E-02   constant   
   4    M1          1.5320         fixed    
   5    N2          0.0000       constant   
   6    SIG2       0.80000E-02     fixed    
   7    M2          1.8620         fixed    
   8    A0          447.76        5.2810       0.30382E-01   0.11089E-02
   9    A1         -810.36        53.696       0.78248E-01   0.44920E-03
  10    A2          764.93        196.58       0.16902       0.22019E-03
  11    A3         -275.21        223.16       0.34360       0.11461E-03

 EXTERNAL ERROR MATRIX.    NDIM=  50    NPAR=  5    ERR DEF=  1.00    
  0.591E+04-0.168E+03 0.131E+04-0.306E+04 0.222E+04
 -0.168E+03 0.279E+02-0.218E+03 0.513E+03-0.372E+03
  0.131E+04-0.218E+03 0.288E+04-0.964E+04 0.939E+04
 -0.306E+04 0.513E+03-0.964E+04 0.386E+05-0.423E+05
  0.222E+04-0.372E+03 0.939E+04-0.423E+05 0.498E+05

 PARAMETER  CORRELATION COEFFICIENTS
       NO.  GLOBAL     1     8     9    10    11
        1  0.41360  1.000-0.414 0.317-0.202 0.129
        8  0.97235 -0.414 1.000-0.771 0.494-0.316
        9  0.99825  0.317-0.771 1.000-0.914 0.784
       10  0.99939 -0.202 0.494-0.914 1.000-0.965
       11  0.99804  0.129-0.316 0.784-0.965 1.000
 ENTER MINUIT COMMAND:                  
 **********
 **   10 **REL    1.000    
 **********
 PARAMETER   1 ALREADY VARIABLE. IGNORED.
 ENTER MINUIT COMMAND:                  
 **********
 **   11 **MIGRAD 
 **********
 START MIGRAD MINIMIZATION.  STRATEGY 2.  CONVERGENCE WHEN EDM .LT. 0.10E-03

 FCN=   2544.478     FROM MIGRAD    STATUS=INITIATE      10 CALLS      177 TOTAL
                     EDM=  0.11E-05    STRATEGY= 2      ERROR MATRIX ACCURATE 

  EXT PARAMETER                                   STEP         FIRST   
  NO.   NAME        VALUE          ERROR          SIZE      DERIVATIVE 
   1    N1          2074.5        76.883        1.7246       0.12300E-04
   2    SIG1       0.50000E-02     fixed    
   3    GAMMA      0.91000E-02   constant   
   4    M1          1.5320         fixed    
   5    N2          0.0000       constant   
   6    SIG2       0.80000E-02     fixed    
   7    M2          1.8620         fixed    
   8    A0          447.76        5.2810       0.30382E-01   0.11073E-02
   9    A1         -810.36        53.696       0.78248E-01   0.44835E-03
  10    A2          764.93        196.58       0.16902       0.21971E-03
  11    A3         -275.21        223.16       0.34360       0.11435E-03

 MIGRAD MINIMIZATION HAS CONVERGED.

 MIGRAD WILL VERIFY CONVERGENCE AND ERROR MATRIX.
 COVARIANCE MATRIX CALCULATED SUCCESSFULLY

 FCN=   2544.478     FROM MIGRAD    STATUS=CONVERGED     55 CALLS      222 TOTAL
                     EDM=  0.81E-07    STRATEGY= 2      ERROR MATRIX ACCURATE 

  EXT PARAMETER                                   STEP         FIRST   
  NO.   NAME        VALUE          ERROR          SIZE      DERIVATIVE 
   1    N1          2074.5        76.882        1.7243      -0.96965E-06
   2    SIG1       0.50000E-02     fixed    
   3    GAMMA      0.91000E-02   constant   
   4    M1          1.5320         fixed    
   5    N2          0.0000       constant   
   6    SIG2       0.80000E-02     fixed    
   7    M2          1.8620         fixed    
   8    A0          447.76        5.2810       0.30384E-01  -0.94918E-04
   9    A1         -810.37        53.695       0.78255E-01  -0.37541E-04
  10    A2          765.01        196.57       0.16904      -0.20133E-04
  11    A3         -275.32        223.15       0.34365      -0.91718E-05

 EXTERNAL ERROR MATRIX.    NDIM=  50    NPAR=  5    ERR DEF=  1.00    
  0.591E+04-0.168E+03 0.131E+04-0.306E+04 0.222E+04
 -0.168E+03 0.279E+02-0.218E+03 0.513E+03-0.372E+03
  0.131E+04-0.218E+03 0.288E+04-0.964E+04 0.939E+04
 -0.306E+04 0.513E+03-0.964E+04 0.386E+05-0.423E+05
  0.222E+04-0.372E+03 0.939E+04-0.423E+05 0.498E+05

 PARAMETER  CORRELATION COEFFICIENTS
       NO.  GLOBAL     1     8     9    10    11
        1  0.41360  1.000-0.414 0.317-0.202 0.129
        8  0.97235 -0.414 1.000-0.771 0.494-0.316
        9  0.99825  0.317-0.771 1.000-0.914 0.784
       10  0.99939 -0.202 0.494-0.914 1.000-0.965
       11  0.99804  0.129-0.316 0.784-0.965 1.000
 ENTER MINUIT COMMAND:                  
 **********
 **   12 **REL    2.000    
 **********
                    PARAMETER   2, SIG1       RESTORED TO VARIABLE.
 ENTER MINUIT COMMAND:                  
 **********
 **   13 **MIGRAD 
 **********
 START MIGRAD MINIMIZATION.  STRATEGY 2.  CONVERGENCE WHEN EDM .LT. 0.10E-03
 COVARIANCE MATRIX CALCULATED SUCCESSFULLY

 FCN=   2544.478     FROM HESSE     STATUS=OK            42 CALLS      264 TOTAL
                     EDM=  0.80E+01    STRATEGY= 2      ERROR MATRIX ACCURATE 

  EXT PARAMETER                                   STEP         FIRST   
  NO.   NAME        VALUE          ERROR          SIZE      DERIVATIVE 
   1    N1          2074.5        87.888       0.68972E-01  -0.96955E-06
   2    SIG1       0.50000E-02   0.57733E-03   0.10000E-03    9771.8    
   3    GAMMA      0.91000E-02   constant   
   4    M1          1.5320         fixed    
   5    N2          0.0000       constant   
   6    SIG2       0.80000E-02     fixed    
   7    M2          1.8620         fixed    
   8    A0          447.76        6.1581       0.60767E-02  -0.94852E-04
   9    A1         -810.37        71.353       0.15651E-01  -0.37508E-04
  10    A2          765.01        265.45       0.33808E-01  -0.20114E-04
  11    A3         -275.32        294.32       0.68729E-01  -0.91611E-05

 MIGRAD MINIMIZATION HAS CONVERGED.

 MIGRAD WILL VERIFY CONVERGENCE AND ERROR MATRIX.
 COVARIANCE MATRIX CALCULATED SUCCESSFULLY

 FCN=   2537.158     FROM MIGRAD    STATUS=CONVERGED    139 CALLS      361 TOTAL
                     EDM=  0.95E-06    STRATEGY= 2      ERROR MATRIX ACCURATE 

  EXT PARAMETER                                   STEP         FIRST   
  NO.   NAME        VALUE          ERROR          SIZE      DERIVATIVE 
   1    N1          1970.0        81.716        1.6744      -0.83184E-05
   2    SIG1       0.35545E-02   0.51514E-03   0.11434E-04    2.2365    
   3    GAMMA      0.91000E-02   constant   
   4    M1          1.5320         fixed    
   5    N2          0.0000       constant   
   6    SIG2       0.80000E-02     fixed    
   7    M2          1.8620         fixed    
   8    A0          453.41        5.4563       0.30341E-01   0.30398E-04
   9    A1         -867.83        54.788       0.78142E-01  -0.82170E-05
  10    A2          937.71        198.37       0.16879      -0.67745E-05
  11    A3         -434.59        224.09       0.34310      -0.14380E-06

 EXTERNAL ERROR MATRIX.    NDIM=  50    NPAR=  6    ERR DEF=  1.00    
  0.668E+04 0.177E-01-0.206E+03 0.161E+04-0.377E+04 0.274E+04
  0.177E-01 0.265E-06-0.784E-03 0.613E-02-0.144E-01 0.105E-01
 -0.206E+03-0.784E-03 0.298E+02-0.233E+03 0.548E+03-0.398E+03
  0.161E+04 0.613E-02-0.233E+03 0.300E+04-0.993E+04 0.961E+04
 -0.377E+04-0.144E-01 0.548E+03-0.993E+04 0.394E+05-0.429E+05
  0.274E+04 0.105E-01-0.398E+03 0.961E+04-0.429E+05 0.502E+05

 PARAMETER  CORRELATION COEFFICIENTS
       NO.  GLOBAL     1     2     8     9    10    11
        1  0.55332  1.000 0.421-0.462 0.359-0.232 0.149
        2  0.43139  0.421 1.000-0.279 0.217-0.141 0.091
        8  0.97412 -0.462-0.279 1.000-0.780 0.506-0.326
        9  0.99832  0.359 0.217-0.780 1.000-0.914 0.783
       10  0.99940 -0.232-0.141 0.506-0.914 1.000-0.965
       11  0.99806  0.149 0.091-0.326 0.783-0.965 1.000
 ENTER MINUIT COMMAND:                  
 **********
 **   14 **REL    4.000    
 **********
                    PARAMETER   4, M1         RESTORED TO VARIABLE.
 ENTER MINUIT COMMAND:                  
 **********
 **   15 **MIGRAD 
 **********
 START MIGRAD MINIMIZATION.  STRATEGY 2.  CONVERGENCE WHEN EDM .LT. 0.10E-03
 COVARIANCE MATRIX CALCULATED SUCCESSFULLY

 FCN=   2537.158     FROM HESSE     STATUS=OK            52 CALLS      413 TOTAL
                     EDM=  0.98E+00    STRATEGY= 2      ERROR MATRIX ACCURATE 

  EXT PARAMETER                                   STEP         FIRST   
  NO.   NAME        VALUE          ERROR          SIZE      DERIVATIVE 
   1    N1          1970.0        84.684       0.33488      -0.83143E-05
   2    SIG1       0.35545E-02   0.52804E-03   0.22867E-05    2.2367    
   3    GAMMA      0.91000E-02   constant   
   4    M1          1.5320       0.30890E-03   0.23865E-03    6398.5    
   5    N2          0.0000       constant   
   6    SIG2       0.80000E-02     fixed    
   7    M2          1.8620         fixed    
   8    A0          453.41        6.3197       0.12137E-02   0.30386E-04
   9    A1         -867.83        77.356       0.31257E-02  -0.82168E-05
  10    A2          937.71        292.20       0.67517E-02  -0.67744E-05
  11    A3         -434.59        323.82       0.27448E-02  -0.14621E-06

 MIGRAD MINIMIZATION HAS CONVERGED.

 MIGRAD WILL VERIFY CONVERGENCE AND ERROR MATRIX.
 COVARIANCE MATRIX CALCULATED SUCCESSFULLY

 FCN=   2536.199     FROM MIGRAD    STATUS=CONVERGED    173 CALLS      534 TOTAL
                     EDM=  0.69E-08    STRATEGY= 2      ERROR MATRIX ACCURATE 

  EXT PARAMETER                                   STEP         FIRST   
  NO.   NAME        VALUE          ERROR          SIZE      DERIVATIVE 
   1    N1          1967.1        81.508        1.6718       0.26763E-06
   2    SIG1       0.35110E-02   0.51318E-03   0.11391E-04  -0.45538E-01
   3    GAMMA      0.91000E-02   constant   
   4    M1          1.5317       0.30374E-03   0.74111E-05   0.35775    
   5    N2          0.0000       constant   
   6    SIG2       0.80000E-02     fixed    
   7    M2          1.8620         fixed    
   8    A0          453.64        5.4698       0.30336E-01   0.90224E-06
   9    A1         -866.47        54.841       0.78073E-01   0.61887E-06
  10    A2          929.16        198.42       0.16855       0.36322E-06
  11    A3         -424.31        223.97       0.34243       0.39674E-07

 EXTERNAL ERROR MATRIX.    NDIM=  50    NPAR=  7    ERR DEF=  1.00    
  0.664E+04
  0.175E-01 0.263E-06
  0.876E-03 0.817E-08 0.923E-07
 -0.206E+03-0.782E-03-0.838E-04 0.299E+02
  0.160E+04 0.604E-02-0.131E-03-0.234E+03 0.301E+04
 -0.373E+04-0.141E-01 0.140E-02 0.549E+03-0.995E+04 0.394E+05
  0.270E+04 0.102E-01-0.177E-02-0.398E+03 0.962E+04-0.429E+05 0.502E+05

 PARAMETER  CORRELATION COEFFICIENTS
       NO.  GLOBAL     1     2     4     8     9    10    11
        1  0.55178  1.000 0.419 0.035-0.462 0.357-0.231 0.148
        2  0.43076  0.419 1.000 0.052-0.278 0.215-0.139 0.089
        4  0.12625  0.035 0.052 1.000-0.050-0.008 0.023-0.026
        8  0.97424 -0.462-0.278-0.050 1.000-0.779 0.505-0.325
        9  0.99832  0.357 0.215-0.008-0.779 1.000-0.914 0.783
       10  0.99940 -0.231-0.139 0.023 0.505-0.914 1.000-0.965
       11  0.99807  0.148 0.089-0.026-0.325 0.783-0.965 1.000
 ENTER MINUIT COMMAND:                  
 **********
 **   16 **CALL FCN 
 **********
 ENTER MINUIT COMMAND:                  
 **********
 **   17 **STOP 
 **********

 CALL TO USER FUNCTION WITH IFLAG = 3

 ..........MINUIT TERMINATED BY MINUIT COMMAND: STOP                 
